
*** Running vivado
    with args -log Ethernet_rst_ps7_0_100M_0.vds -m64 -product Vivado -mode batch -messageDb vivado.pb -notrace -source Ethernet_rst_ps7_0_100M_0.tcl


****** Vivado v2016.3 (64-bit)
  **** SW Build 1682563 on Mon Oct 10 19:07:27 MDT 2016
  **** IP Build 1681267 on Mon Oct 10 21:28:31 MDT 2016
    ** Copyright 1986-2016 Xilinx, Inc. All Rights Reserved.

source Ethernet_rst_ps7_0_100M_0.tcl -notrace
Starting RTL Elaboration : Time (s): cpu = 00:00:08 ; elapsed = 00:00:12 . Memory (MB): peak = 352.852 ; gain = 141.328
INFO: [Synth 8-638] synthesizing module 'Ethernet_rst_ps7_0_100M_0' [c:/Users/Tmicro 2/Desktop/JcTFG/ZynqEthernetCamera_2016/ZynqEthernetCamera_2016.srcs/sources_1/bd/Ethernet/ip/Ethernet_rst_ps7_0_100M_0/synth/Ethernet_rst_ps7_0_100M_0.vhd:71]
INFO: [Synth 8-638] synthesizing module 'proc_sys_reset' [c:/Users/Tmicro 2/Desktop/JcTFG/ZynqEthernetCamera_2016/ZynqEthernetCamera_2016.srcs/sources_1/bd/Ethernet/ipshared/04b4/hdl/proc_sys_reset_v5_0_vh_rfs.vhd:1323]
INFO: [Synth 8-638] synthesizing module 'lpf' [c:/Users/Tmicro 2/Desktop/JcTFG/ZynqEthernetCamera_2016/ZynqEthernetCamera_2016.srcs/sources_1/bd/Ethernet/ipshared/04b4/hdl/proc_sys_reset_v5_0_vh_rfs.vhd:816]
INFO: [Synth 8-638] synthesizing module 'SRL16' [C:/Xilinx/Vivado/2016.3/scripts/rt/data/unisim_comp.v:43312]
INFO: [Synth 8-256] done synthesizing module 'SRL16' (1#1) [C:/Xilinx/Vivado/2016.3/scripts/rt/data/unisim_comp.v:43312]
INFO: [Synth 8-638] synthesizing module 'cdc_sync' [c:/Users/Tmicro 2/Desktop/JcTFG/ZynqEthernetCamera_2016/ZynqEthernetCamera_2016.srcs/sources_1/bd/Ethernet/ipshared/52cb/hdl/lib_cdc_v1_0_rfs.vhd:106]
INFO: [Synth 8-256] done synthesizing module 'cdc_sync' (2#1) [c:/Users/Tmicro 2/Desktop/JcTFG/ZynqEthernetCamera_2016/ZynqEthernetCamera_2016.srcs/sources_1/bd/Ethernet/ipshared/52cb/hdl/lib_cdc_v1_0_rfs.vhd:106]
INFO: [Synth 8-256] done synthesizing module 'lpf' (3#1) [c:/Users/Tmicro 2/Desktop/JcTFG/ZynqEthernetCamera_2016/ZynqEthernetCamera_2016.srcs/sources_1/bd/Ethernet/ipshared/04b4/hdl/proc_sys_reset_v5_0_vh_rfs.vhd:816]
INFO: [Synth 8-638] synthesizing module 'sequence_psr' [c:/Users/Tmicro 2/Desktop/JcTFG/ZynqEthernetCamera_2016/ZynqEthernetCamera_2016.srcs/sources_1/bd/Ethernet/ipshared/04b4/hdl/proc_sys_reset_v5_0_vh_rfs.vhd:301]
INFO: [Synth 8-638] synthesizing module 'upcnt_n' [c:/Users/Tmicro 2/Desktop/JcTFG/ZynqEthernetCamera_2016/ZynqEthernetCamera_2016.srcs/sources_1/bd/Ethernet/ipshared/04b4/hdl/proc_sys_reset_v5_0_vh_rfs.vhd:125]
INFO: [Synth 8-256] done synthesizing module 'upcnt_n' (4#1) [c:/Users/Tmicro 2/Desktop/JcTFG/ZynqEthernetCamera_2016/ZynqEthernetCamera_2016.srcs/sources_1/bd/Ethernet/ipshared/04b4/hdl/proc_sys_reset_v5_0_vh_rfs.vhd:125]
INFO: [Synth 8-256] done synthesizing module 'sequence_psr' (5#1) [c:/Users/Tmicro 2/Desktop/JcTFG/ZynqEthernetCamera_2016/ZynqEthernetCamera_2016.srcs/sources_1/bd/Ethernet/ipshared/04b4/hdl/proc_sys_reset_v5_0_vh_rfs.vhd:301]
INFO: [Synth 8-256] done synthesizing module 'proc_sys_reset' (6#1) [c:/Users/Tmicro 2/Desktop/JcTFG/ZynqEthernetCamera_2016/ZynqEthernetCamera_2016.srcs/sources_1/bd/Ethernet/ipshared/04b4/hdl/proc_sys_reset_v5_0_vh_rfs.vhd:1323]
INFO: [Synth 8-256] done synthesizing module 'Ethernet_rst_ps7_0_100M_0' (7#1) [c:/Users/Tmicro 2/Desktop/JcTFG/ZynqEthernetCamera_2016/ZynqEthernetCamera_2016.srcs/sources_1/bd/Ethernet/ip/Ethernet_rst_ps7_0_100M_0/synth/Ethernet_rst_ps7_0_100M_0.vhd:71]
Finished RTL Elaboration : Time (s): cpu = 00:00:09 ; elapsed = 00:00:14 . Memory (MB): peak = 391.176 ; gain = 179.652
Finished RTL Optimization Phase 1 : Time (s): cpu = 00:00:09 ; elapsed = 00:00:14 . Memory (MB): peak = 391.176 ; gain = 179.652
INFO: [Device 21-403] Loading part xc7z010clg400-1
Constraint Validation Runtime : Time (s): cpu = 00:00:00 ; elapsed = 00:00:00.729 . Memory (MB): peak = 687.688 ; gain = 0.000
Finished Constraint Validation : Time (s): cpu = 00:00:19 ; elapsed = 00:00:52 . Memory (MB): peak = 687.688 ; gain = 476.164
Finished Loading Part and Timing Information : Time (s): cpu = 00:00:19 ; elapsed = 00:00:53 . Memory (MB): peak = 687.688 ; gain = 476.164
Finished applying 'set_property' XDC Constraints : Time (s): cpu = 00:00:19 ; elapsed = 00:00:53 . Memory (MB): peak = 687.688 ; gain = 476.164
Finished RTL Optimization Phase 2 : Time (s): cpu = 00:00:19 ; elapsed = 00:00:57 . Memory (MB): peak = 687.688 ; gain = 476.164
Finished Cross Boundary and Area Optimization : Time (s): cpu = 00:00:19 ; elapsed = 00:01:00 . Memory (MB): peak = 687.688 ; gain = 476.164
Finished Applying XDC Timing Constraints : Time (s): cpu = 00:00:31 ; elapsed = 00:01:37 . Memory (MB): peak = 687.688 ; gain = 476.164
Finished Timing Optimization : Time (s): cpu = 00:00:31 ; elapsed = 00:01:38 . Memory (MB): peak = 687.688 ; gain = 476.164
Finished Technology Mapping : Time (s): cpu = 00:00:31 ; elapsed = 00:01:39 . Memory (MB): peak = 687.688 ; gain = 476.164
Finished IO Insertion : Time (s): cpu = 00:00:31 ; elapsed = 00:01:40 . Memory (MB): peak = 687.688 ; gain = 476.164
Finished Renaming Generated Instances : Time (s): cpu = 00:00:31 ; elapsed = 00:01:40 . Memory (MB): peak = 687.688 ; gain = 476.164
Finished Rebuilding User Hierarchy : Time (s): cpu = 00:00:31 ; elapsed = 00:01:40 . Memory (MB): peak = 687.688 ; gain = 476.164
Finished Renaming Generated Ports : Time (s): cpu = 00:00:31 ; elapsed = 00:01:40 . Memory (MB): peak = 687.688 ; gain = 476.164
Finished Handling Custom Attributes : Time (s): cpu = 00:00:31 ; elapsed = 00:01:40 . Memory (MB): peak = 687.688 ; gain = 476.164
Finished Renaming Generated Nets : Time (s): cpu = 00:00:31 ; elapsed = 00:01:40 . Memory (MB): peak = 687.688 ; gain = 476.164

Report Cell Usage: 
+------+------+------+
|      |Cell  |Count |
+------+------+------+
|1     |LUT1  |     5|
|2     |LUT2  |     9|
|3     |LUT3  |     1|
|4     |LUT4  |     6|
|5     |LUT5  |     3|
|6     |LUT6  |     1|
|7     |SRL16 |     1|
|8     |FDR   |     8|
|9     |FDRE  |    28|
|10    |FDSE  |     4|
+------+------+------+
Finished Writing Synthesis Report : Time (s): cpu = 00:00:31 ; elapsed = 00:01:40 . Memory (MB): peak = 687.688 ; gain = 476.164
synth_design: Time (s): cpu = 00:00:29 ; elapsed = 00:01:37 . Memory (MB): peak = 687.688 ; gain = 414.617
