
*** Running vivado
    with args -log Ethernet_xbar_1.vds -m64 -product Vivado -mode batch -messageDb vivado.pb -notrace -source Ethernet_xbar_1.tcl


****** Vivado v2016.3 (64-bit)
  **** SW Build 1682563 on Mon Oct 10 19:07:27 MDT 2016
  **** IP Build 1681267 on Mon Oct 10 21:28:31 MDT 2016
    ** Copyright 1986-2016 Xilinx, Inc. All Rights Reserved.

source Ethernet_xbar_1.tcl -notrace
Starting RTL Elaboration : Time (s): cpu = 00:00:14 ; elapsed = 00:00:19 . Memory (MB): peak = 387.617 ; gain = 176.234
INFO: [Synth 8-638] synthesizing module 'Ethernet_xbar_1' [c:/Users/Tmicro 2/Desktop/JcTFG/ZynqEthernetCamera_2016/ZynqEthernetCamera_2016.srcs/sources_1/bd/Ethernet/ip/Ethernet_xbar_1/synth/Ethernet_xbar_1.v:59]
INFO: [Synth 8-638] synthesizing module 'axi_crossbar_v2_1_11_axi_crossbar' [c:/Users/Tmicro 2/Desktop/JcTFG/ZynqEthernetCamera_2016/ZynqEthernetCamera_2016.srcs/sources_1/bd/Ethernet/ipshared/d552/hdl/axi_crossbar_v2_1_vl_rfs.v:4882]
INFO: [Synth 8-638] synthesizing module 'axi_crossbar_v2_1_11_crossbar' [c:/Users/Tmicro 2/Desktop/JcTFG/ZynqEthernetCamera_2016/ZynqEthernetCamera_2016.srcs/sources_1/bd/Ethernet/ipshared/d552/hdl/axi_crossbar_v2_1_vl_rfs.v:2239]
INFO: [Synth 8-638] synthesizing module 'axi_crossbar_v2_1_11_si_transactor' [c:/Users/Tmicro 2/Desktop/JcTFG/ZynqEthernetCamera_2016/ZynqEthernetCamera_2016.srcs/sources_1/bd/Ethernet/ipshared/d552/hdl/axi_crossbar_v2_1_vl_rfs.v:3798]
INFO: [Synth 8-638] synthesizing module 'axi_crossbar_v2_1_11_addr_decoder' [c:/Users/Tmicro 2/Desktop/JcTFG/ZynqEthernetCamera_2016/ZynqEthernetCamera_2016.srcs/sources_1/bd/Ethernet/ipshared/d552/hdl/axi_crossbar_v2_1_vl_rfs.v:794]
INFO: [Synth 8-638] synthesizing module 'generic_baseblocks_v2_1_0_comparator_static' [c:/Users/Tmicro 2/Desktop/JcTFG/ZynqEthernetCamera_2016/ZynqEthernetCamera_2016.srcs/sources_1/bd/Ethernet/ipshared/7ee0/hdl/generic_baseblocks_v2_1_vl_rfs.v:2133]
INFO: [Synth 8-638] synthesizing module 'generic_baseblocks_v2_1_0_carry_and' [c:/Users/Tmicro 2/Desktop/JcTFG/ZynqEthernetCamera_2016/ZynqEthernetCamera_2016.srcs/sources_1/bd/Ethernet/ipshared/7ee0/hdl/generic_baseblocks_v2_1_vl_rfs.v:62]
INFO: [Synth 8-256] done synthesizing module 'generic_baseblocks_v2_1_0_carry_and' (1#1) [c:/Users/Tmicro 2/Desktop/JcTFG/ZynqEthernetCamera_2016/ZynqEthernetCamera_2016.srcs/sources_1/bd/Ethernet/ipshared/7ee0/hdl/generic_baseblocks_v2_1_vl_rfs.v:62]
INFO: [Synth 8-256] done synthesizing module 'generic_baseblocks_v2_1_0_comparator_static' (2#1) [c:/Users/Tmicro 2/Desktop/JcTFG/ZynqEthernetCamera_2016/ZynqEthernetCamera_2016.srcs/sources_1/bd/Ethernet/ipshared/7ee0/hdl/generic_baseblocks_v2_1_vl_rfs.v:2133]
INFO: [Synth 8-256] done synthesizing module 'axi_crossbar_v2_1_11_addr_decoder' (3#1) [c:/Users/Tmicro 2/Desktop/JcTFG/ZynqEthernetCamera_2016/ZynqEthernetCamera_2016.srcs/sources_1/bd/Ethernet/ipshared/d552/hdl/axi_crossbar_v2_1_vl_rfs.v:794]
INFO: [Synth 8-638] synthesizing module 'axi_data_fifo_v2_1_9_axic_srl_fifo' [c:/Users/Tmicro 2/Desktop/JcTFG/ZynqEthernetCamera_2016/ZynqEthernetCamera_2016.srcs/sources_1/bd/Ethernet/ipshared/10b8/hdl/axi_data_fifo_v2_1_vl_rfs.v:698]
INFO: [Synth 8-638] synthesizing module 'axi_data_fifo_v2_1_9_ndeep_srl' [c:/Users/Tmicro 2/Desktop/JcTFG/ZynqEthernetCamera_2016/ZynqEthernetCamera_2016.srcs/sources_1/bd/Ethernet/ipshared/10b8/hdl/axi_data_fifo_v2_1_vl_rfs.v:1134]
INFO: [Synth 8-638] synthesizing module 'SRLC32E' [C:/Xilinx/Vivado/2016.3/scripts/rt/data/unisim_comp.v:43478]
INFO: [Synth 8-256] done synthesizing module 'SRLC32E' (4#1) [C:/Xilinx/Vivado/2016.3/scripts/rt/data/unisim_comp.v:43478]
INFO: [Synth 8-256] done synthesizing module 'axi_data_fifo_v2_1_9_ndeep_srl' (5#1) [c:/Users/Tmicro 2/Desktop/JcTFG/ZynqEthernetCamera_2016/ZynqEthernetCamera_2016.srcs/sources_1/bd/Ethernet/ipshared/10b8/hdl/axi_data_fifo_v2_1_vl_rfs.v:1134]
INFO: [Synth 8-256] done synthesizing module 'axi_data_fifo_v2_1_9_axic_srl_fifo' (6#1) [c:/Users/Tmicro 2/Desktop/JcTFG/ZynqEthernetCamera_2016/ZynqEthernetCamera_2016.srcs/sources_1/bd/Ethernet/ipshared/10b8/hdl/axi_data_fifo_v2_1_vl_rfs.v:698]
INFO: [Synth 8-638] synthesizing module 'generic_baseblocks_v2_1_0_mux_enc' [c:/Users/Tmicro 2/Desktop/JcTFG/ZynqEthernetCamera_2016/ZynqEthernetCamera_2016.srcs/sources_1/bd/Ethernet/ipshared/7ee0/hdl/generic_baseblocks_v2_1_vl_rfs.v:2452]
INFO: [Synth 8-256] done synthesizing module 'generic_baseblocks_v2_1_0_mux_enc' (7#1) [c:/Users/Tmicro 2/Desktop/JcTFG/ZynqEthernetCamera_2016/ZynqEthernetCamera_2016.srcs/sources_1/bd/Ethernet/ipshared/7ee0/hdl/generic_baseblocks_v2_1_vl_rfs.v:2452]
INFO: [Synth 8-256] done synthesizing module 'axi_crossbar_v2_1_11_si_transactor' (8#1) [c:/Users/Tmicro 2/Desktop/JcTFG/ZynqEthernetCamera_2016/ZynqEthernetCamera_2016.srcs/sources_1/bd/Ethernet/ipshared/d552/hdl/axi_crossbar_v2_1_vl_rfs.v:3798]
INFO: [Synth 8-638] synthesizing module 'axi_crossbar_v2_1_11_si_transactor__parameterized0' [c:/Users/Tmicro 2/Desktop/JcTFG/ZynqEthernetCamera_2016/ZynqEthernetCamera_2016.srcs/sources_1/bd/Ethernet/ipshared/d552/hdl/axi_crossbar_v2_1_vl_rfs.v:3798]
INFO: [Synth 8-638] synthesizing module 'generic_baseblocks_v2_1_0_mux_enc__parameterized0' [c:/Users/Tmicro 2/Desktop/JcTFG/ZynqEthernetCamera_2016/ZynqEthernetCamera_2016.srcs/sources_1/bd/Ethernet/ipshared/7ee0/hdl/generic_baseblocks_v2_1_vl_rfs.v:2452]
INFO: [Synth 8-256] done synthesizing module 'generic_baseblocks_v2_1_0_mux_enc__parameterized0' (8#1) [c:/Users/Tmicro 2/Desktop/JcTFG/ZynqEthernetCamera_2016/ZynqEthernetCamera_2016.srcs/sources_1/bd/Ethernet/ipshared/7ee0/hdl/generic_baseblocks_v2_1_vl_rfs.v:2452]
INFO: [Synth 8-256] done synthesizing module 'axi_crossbar_v2_1_11_si_transactor__parameterized0' (8#1) [c:/Users/Tmicro 2/Desktop/JcTFG/ZynqEthernetCamera_2016/ZynqEthernetCamera_2016.srcs/sources_1/bd/Ethernet/ipshared/d552/hdl/axi_crossbar_v2_1_vl_rfs.v:3798]
INFO: [Synth 8-638] synthesizing module 'axi_crossbar_v2_1_11_splitter' [c:/Users/Tmicro 2/Desktop/JcTFG/ZynqEthernetCamera_2016/ZynqEthernetCamera_2016.srcs/sources_1/bd/Ethernet/ipshared/d552/hdl/axi_crossbar_v2_1_vl_rfs.v:4459]
INFO: [Synth 8-256] done synthesizing module 'axi_crossbar_v2_1_11_splitter' (9#1) [c:/Users/Tmicro 2/Desktop/JcTFG/ZynqEthernetCamera_2016/ZynqEthernetCamera_2016.srcs/sources_1/bd/Ethernet/ipshared/d552/hdl/axi_crossbar_v2_1_vl_rfs.v:4459]
INFO: [Synth 8-638] synthesizing module 'axi_crossbar_v2_1_11_wdata_router' [c:/Users/Tmicro 2/Desktop/JcTFG/ZynqEthernetCamera_2016/ZynqEthernetCamera_2016.srcs/sources_1/bd/Ethernet/ipshared/d552/hdl/axi_crossbar_v2_1_vl_rfs.v:4734]
INFO: [Synth 8-638] synthesizing module 'axi_data_fifo_v2_1_9_axic_reg_srl_fifo' [c:/Users/Tmicro 2/Desktop/JcTFG/ZynqEthernetCamera_2016/ZynqEthernetCamera_2016.srcs/sources_1/bd/Ethernet/ipshared/10b8/hdl/axi_data_fifo_v2_1_vl_rfs.v:889]
INFO: [Synth 8-256] done synthesizing module 'axi_data_fifo_v2_1_9_axic_reg_srl_fifo' (10#1) [c:/Users/Tmicro 2/Desktop/JcTFG/ZynqEthernetCamera_2016/ZynqEthernetCamera_2016.srcs/sources_1/bd/Ethernet/ipshared/10b8/hdl/axi_data_fifo_v2_1_vl_rfs.v:889]
INFO: [Synth 8-256] done synthesizing module 'axi_crossbar_v2_1_11_wdata_router' (11#1) [c:/Users/Tmicro 2/Desktop/JcTFG/ZynqEthernetCamera_2016/ZynqEthernetCamera_2016.srcs/sources_1/bd/Ethernet/ipshared/d552/hdl/axi_crossbar_v2_1_vl_rfs.v:4734]
INFO: [Synth 8-638] synthesizing module 'axi_crossbar_v2_1_11_si_transactor__parameterized1' [c:/Users/Tmicro 2/Desktop/JcTFG/ZynqEthernetCamera_2016/ZynqEthernetCamera_2016.srcs/sources_1/bd/Ethernet/ipshared/d552/hdl/axi_crossbar_v2_1_vl_rfs.v:3798]
INFO: [Synth 8-256] done synthesizing module 'axi_crossbar_v2_1_11_si_transactor__parameterized1' (11#1) [c:/Users/Tmicro 2/Desktop/JcTFG/ZynqEthernetCamera_2016/ZynqEthernetCamera_2016.srcs/sources_1/bd/Ethernet/ipshared/d552/hdl/axi_crossbar_v2_1_vl_rfs.v:3798]
INFO: [Synth 8-638] synthesizing module 'axi_crossbar_v2_1_11_si_transactor__parameterized2' [c:/Users/Tmicro 2/Desktop/JcTFG/ZynqEthernetCamera_2016/ZynqEthernetCamera_2016.srcs/sources_1/bd/Ethernet/ipshared/d552/hdl/axi_crossbar_v2_1_vl_rfs.v:3798]
INFO: [Synth 8-638] synthesizing module 'generic_baseblocks_v2_1_0_mux_enc__parameterized1' [c:/Users/Tmicro 2/Desktop/JcTFG/ZynqEthernetCamera_2016/ZynqEthernetCamera_2016.srcs/sources_1/bd/Ethernet/ipshared/7ee0/hdl/generic_baseblocks_v2_1_vl_rfs.v:2452]
INFO: [Synth 8-256] done synthesizing module 'generic_baseblocks_v2_1_0_mux_enc__parameterized1' (11#1) [c:/Users/Tmicro 2/Desktop/JcTFG/ZynqEthernetCamera_2016/ZynqEthernetCamera_2016.srcs/sources_1/bd/Ethernet/ipshared/7ee0/hdl/generic_baseblocks_v2_1_vl_rfs.v:2452]
INFO: [Synth 8-256] done synthesizing module 'axi_crossbar_v2_1_11_si_transactor__parameterized2' (11#1) [c:/Users/Tmicro 2/Desktop/JcTFG/ZynqEthernetCamera_2016/ZynqEthernetCamera_2016.srcs/sources_1/bd/Ethernet/ipshared/d552/hdl/axi_crossbar_v2_1_vl_rfs.v:3798]
INFO: [Synth 8-638] synthesizing module 'axi_crossbar_v2_1_11_addr_decoder__parameterized0' [c:/Users/Tmicro 2/Desktop/JcTFG/ZynqEthernetCamera_2016/ZynqEthernetCamera_2016.srcs/sources_1/bd/Ethernet/ipshared/d552/hdl/axi_crossbar_v2_1_vl_rfs.v:794]
INFO: [Synth 8-256] done synthesizing module 'axi_crossbar_v2_1_11_addr_decoder__parameterized0' (11#1) [c:/Users/Tmicro 2/Desktop/JcTFG/ZynqEthernetCamera_2016/ZynqEthernetCamera_2016.srcs/sources_1/bd/Ethernet/ipshared/d552/hdl/axi_crossbar_v2_1_vl_rfs.v:794]
INFO: [Synth 8-638] synthesizing module 'axi_crossbar_v2_1_11_addr_decoder__parameterized1' [c:/Users/Tmicro 2/Desktop/JcTFG/ZynqEthernetCamera_2016/ZynqEthernetCamera_2016.srcs/sources_1/bd/Ethernet/ipshared/d552/hdl/axi_crossbar_v2_1_vl_rfs.v:794]
INFO: [Synth 8-256] done synthesizing module 'axi_crossbar_v2_1_11_addr_decoder__parameterized1' (11#1) [c:/Users/Tmicro 2/Desktop/JcTFG/ZynqEthernetCamera_2016/ZynqEthernetCamera_2016.srcs/sources_1/bd/Ethernet/ipshared/d552/hdl/axi_crossbar_v2_1_vl_rfs.v:794]
INFO: [Synth 8-638] synthesizing module 'axi_data_fifo_v2_1_9_axic_srl_fifo__parameterized0' [c:/Users/Tmicro 2/Desktop/JcTFG/ZynqEthernetCamera_2016/ZynqEthernetCamera_2016.srcs/sources_1/bd/Ethernet/ipshared/10b8/hdl/axi_data_fifo_v2_1_vl_rfs.v:698]
INFO: [Synth 8-638] synthesizing module 'axi_data_fifo_v2_1_9_ndeep_srl__parameterized0' [c:/Users/Tmicro 2/Desktop/JcTFG/ZynqEthernetCamera_2016/ZynqEthernetCamera_2016.srcs/sources_1/bd/Ethernet/ipshared/10b8/hdl/axi_data_fifo_v2_1_vl_rfs.v:1134]
INFO: [Synth 8-256] done synthesizing module 'axi_data_fifo_v2_1_9_ndeep_srl__parameterized0' (11#1) [c:/Users/Tmicro 2/Desktop/JcTFG/ZynqEthernetCamera_2016/ZynqEthernetCamera_2016.srcs/sources_1/bd/Ethernet/ipshared/10b8/hdl/axi_data_fifo_v2_1_vl_rfs.v:1134]
INFO: [Synth 8-638] synthesizing module 'axi_data_fifo_v2_1_9_ndeep_srl__parameterized1' [c:/Users/Tmicro 2/Desktop/JcTFG/ZynqEthernetCamera_2016/ZynqEthernetCamera_2016.srcs/sources_1/bd/Ethernet/ipshared/10b8/hdl/axi_data_fifo_v2_1_vl_rfs.v:1134]
INFO: [Synth 8-256] done synthesizing module 'axi_data_fifo_v2_1_9_ndeep_srl__parameterized1' (11#1) [c:/Users/Tmicro 2/Desktop/JcTFG/ZynqEthernetCamera_2016/ZynqEthernetCamera_2016.srcs/sources_1/bd/Ethernet/ipshared/10b8/hdl/axi_data_fifo_v2_1_vl_rfs.v:1134]
INFO: [Synth 8-638] synthesizing module 'axi_data_fifo_v2_1_9_ndeep_srl__parameterized2' [c:/Users/Tmicro 2/Desktop/JcTFG/ZynqEthernetCamera_2016/ZynqEthernetCamera_2016.srcs/sources_1/bd/Ethernet/ipshared/10b8/hdl/axi_data_fifo_v2_1_vl_rfs.v:1134]
INFO: [Synth 8-256] done synthesizing module 'axi_data_fifo_v2_1_9_ndeep_srl__parameterized2' (11#1) [c:/Users/Tmicro 2/Desktop/JcTFG/ZynqEthernetCamera_2016/ZynqEthernetCamera_2016.srcs/sources_1/bd/Ethernet/ipshared/10b8/hdl/axi_data_fifo_v2_1_vl_rfs.v:1134]
INFO: [Synth 8-638] synthesizing module 'axi_data_fifo_v2_1_9_ndeep_srl__parameterized3' [c:/Users/Tmicro 2/Desktop/JcTFG/ZynqEthernetCamera_2016/ZynqEthernetCamera_2016.srcs/sources_1/bd/Ethernet/ipshared/10b8/hdl/axi_data_fifo_v2_1_vl_rfs.v:1134]
INFO: [Synth 8-256] done synthesizing module 'axi_data_fifo_v2_1_9_ndeep_srl__parameterized3' (11#1) [c:/Users/Tmicro 2/Desktop/JcTFG/ZynqEthernetCamera_2016/ZynqEthernetCamera_2016.srcs/sources_1/bd/Ethernet/ipshared/10b8/hdl/axi_data_fifo_v2_1_vl_rfs.v:1134]
INFO: [Synth 8-638] synthesizing module 'axi_data_fifo_v2_1_9_ndeep_srl__parameterized4' [c:/Users/Tmicro 2/Desktop/JcTFG/ZynqEthernetCamera_2016/ZynqEthernetCamera_2016.srcs/sources_1/bd/Ethernet/ipshared/10b8/hdl/axi_data_fifo_v2_1_vl_rfs.v:1134]
INFO: [Synth 8-256] done synthesizing module 'axi_data_fifo_v2_1_9_ndeep_srl__parameterized4' (11#1) [c:/Users/Tmicro 2/Desktop/JcTFG/ZynqEthernetCamera_2016/ZynqEthernetCamera_2016.srcs/sources_1/bd/Ethernet/ipshared/10b8/hdl/axi_data_fifo_v2_1_vl_rfs.v:1134]
INFO: [Synth 8-638] synthesizing module 'axi_data_fifo_v2_1_9_ndeep_srl__parameterized5' [c:/Users/Tmicro 2/Desktop/JcTFG/ZynqEthernetCamera_2016/ZynqEthernetCamera_2016.srcs/sources_1/bd/Ethernet/ipshared/10b8/hdl/axi_data_fifo_v2_1_vl_rfs.v:1134]
INFO: [Synth 8-256] done synthesizing module 'axi_data_fifo_v2_1_9_ndeep_srl__parameterized5' (11#1) [c:/Users/Tmicro 2/Desktop/JcTFG/ZynqEthernetCamera_2016/ZynqEthernetCamera_2016.srcs/sources_1/bd/Ethernet/ipshared/10b8/hdl/axi_data_fifo_v2_1_vl_rfs.v:1134]
INFO: [Synth 8-638] synthesizing module 'axi_data_fifo_v2_1_9_ndeep_srl__parameterized6' [c:/Users/Tmicro 2/Desktop/JcTFG/ZynqEthernetCamera_2016/ZynqEthernetCamera_2016.srcs/sources_1/bd/Ethernet/ipshared/10b8/hdl/axi_data_fifo_v2_1_vl_rfs.v:1134]
INFO: [Synth 8-256] done synthesizing module 'axi_data_fifo_v2_1_9_ndeep_srl__parameterized6' (11#1) [c:/Users/Tmicro 2/Desktop/JcTFG/ZynqEthernetCamera_2016/ZynqEthernetCamera_2016.srcs/sources_1/bd/Ethernet/ipshared/10b8/hdl/axi_data_fifo_v2_1_vl_rfs.v:1134]
INFO: [Synth 8-638] synthesizing module 'axi_data_fifo_v2_1_9_ndeep_srl__parameterized7' [c:/Users/Tmicro 2/Desktop/JcTFG/ZynqEthernetCamera_2016/ZynqEthernetCamera_2016.srcs/sources_1/bd/Ethernet/ipshared/10b8/hdl/axi_data_fifo_v2_1_vl_rfs.v:1134]
INFO: [Synth 8-256] done synthesizing module 'axi_data_fifo_v2_1_9_ndeep_srl__parameterized7' (11#1) [c:/Users/Tmicro 2/Desktop/JcTFG/ZynqEthernetCamera_2016/ZynqEthernetCamera_2016.srcs/sources_1/bd/Ethernet/ipshared/10b8/hdl/axi_data_fifo_v2_1_vl_rfs.v:1134]
INFO: [Synth 8-256] done synthesizing module 'axi_data_fifo_v2_1_9_axic_srl_fifo__parameterized0' (11#1) [c:/Users/Tmicro 2/Desktop/JcTFG/ZynqEthernetCamera_2016/ZynqEthernetCamera_2016.srcs/sources_1/bd/Ethernet/ipshared/10b8/hdl/axi_data_fifo_v2_1_vl_rfs.v:698]
INFO: [Synth 8-638] synthesizing module 'axi_crossbar_v2_1_11_wdata_mux' [c:/Users/Tmicro 2/Desktop/JcTFG/ZynqEthernetCamera_2016/ZynqEthernetCamera_2016.srcs/sources_1/bd/Ethernet/ipshared/d552/hdl/axi_crossbar_v2_1_vl_rfs.v:4559]
INFO: [Synth 8-638] synthesizing module 'axi_data_fifo_v2_1_9_axic_reg_srl_fifo__parameterized0' [c:/Users/Tmicro 2/Desktop/JcTFG/ZynqEthernetCamera_2016/ZynqEthernetCamera_2016.srcs/sources_1/bd/Ethernet/ipshared/10b8/hdl/axi_data_fifo_v2_1_vl_rfs.v:889]
INFO: [Synth 8-638] synthesizing module 'axi_data_fifo_v2_1_9_ndeep_srl__parameterized8' [c:/Users/Tmicro 2/Desktop/JcTFG/ZynqEthernetCamera_2016/ZynqEthernetCamera_2016.srcs/sources_1/bd/Ethernet/ipshared/10b8/hdl/axi_data_fifo_v2_1_vl_rfs.v:1134]
INFO: [Synth 8-256] done synthesizing module 'axi_data_fifo_v2_1_9_ndeep_srl__parameterized8' (11#1) [c:/Users/Tmicro 2/Desktop/JcTFG/ZynqEthernetCamera_2016/ZynqEthernetCamera_2016.srcs/sources_1/bd/Ethernet/ipshared/10b8/hdl/axi_data_fifo_v2_1_vl_rfs.v:1134]
INFO: [Synth 8-638] synthesizing module 'axi_data_fifo_v2_1_9_ndeep_srl__parameterized9' [c:/Users/Tmicro 2/Desktop/JcTFG/ZynqEthernetCamera_2016/ZynqEthernetCamera_2016.srcs/sources_1/bd/Ethernet/ipshared/10b8/hdl/axi_data_fifo_v2_1_vl_rfs.v:1134]
INFO: [Synth 8-256] done synthesizing module 'axi_data_fifo_v2_1_9_ndeep_srl__parameterized9' (11#1) [c:/Users/Tmicro 2/Desktop/JcTFG/ZynqEthernetCamera_2016/ZynqEthernetCamera_2016.srcs/sources_1/bd/Ethernet/ipshared/10b8/hdl/axi_data_fifo_v2_1_vl_rfs.v:1134]
INFO: [Synth 8-256] done synthesizing module 'axi_data_fifo_v2_1_9_axic_reg_srl_fifo__parameterized0' (11#1) [c:/Users/Tmicro 2/Desktop/JcTFG/ZynqEthernetCamera_2016/ZynqEthernetCamera_2016.srcs/sources_1/bd/Ethernet/ipshared/10b8/hdl/axi_data_fifo_v2_1_vl_rfs.v:889]
INFO: [Synth 8-638] synthesizing module 'generic_baseblocks_v2_1_0_mux_enc__parameterized2' [c:/Users/Tmicro 2/Desktop/JcTFG/ZynqEthernetCamera_2016/ZynqEthernetCamera_2016.srcs/sources_1/bd/Ethernet/ipshared/7ee0/hdl/generic_baseblocks_v2_1_vl_rfs.v:2452]
INFO: [Synth 8-256] done synthesizing module 'generic_baseblocks_v2_1_0_mux_enc__parameterized2' (11#1) [c:/Users/Tmicro 2/Desktop/JcTFG/ZynqEthernetCamera_2016/ZynqEthernetCamera_2016.srcs/sources_1/bd/Ethernet/ipshared/7ee0/hdl/generic_baseblocks_v2_1_vl_rfs.v:2452]
INFO: [Synth 8-256] done synthesizing module 'axi_crossbar_v2_1_11_wdata_mux' (12#1) [c:/Users/Tmicro 2/Desktop/JcTFG/ZynqEthernetCamera_2016/ZynqEthernetCamera_2016.srcs/sources_1/bd/Ethernet/ipshared/d552/hdl/axi_crossbar_v2_1_vl_rfs.v:4559]
INFO: [Synth 8-638] synthesizing module 'axi_register_slice_v2_1_10_axi_register_slice' [c:/Users/Tmicro 2/Desktop/JcTFG/ZynqEthernetCamera_2016/ZynqEthernetCamera_2016.srcs/sources_1/bd/Ethernet/ipshared/7efe/hdl/axi_register_slice_v2_1_vl_rfs.v:791]
INFO: [Synth 8-638] synthesizing module 'axi_infrastructure_v1_1_0_axi2vector' [c:/Users/Tmicro 2/Desktop/JcTFG/ZynqEthernetCamera_2016/ZynqEthernetCamera_2016.srcs/sources_1/bd/Ethernet/ipshared/7e3a/hdl/axi_infrastructure_v1_1_vl_rfs.v:60]
INFO: [Synth 8-256] done synthesizing module 'axi_infrastructure_v1_1_0_axi2vector' (13#1) [c:/Users/Tmicro 2/Desktop/JcTFG/ZynqEthernetCamera_2016/ZynqEthernetCamera_2016.srcs/sources_1/bd/Ethernet/ipshared/7e3a/hdl/axi_infrastructure_v1_1_vl_rfs.v:60]
INFO: [Synth 8-638] synthesizing module 'axi_register_slice_v2_1_10_axic_register_slice' [c:/Users/Tmicro 2/Desktop/JcTFG/ZynqEthernetCamera_2016/ZynqEthernetCamera_2016.srcs/sources_1/bd/Ethernet/ipshared/7efe/hdl/axi_register_slice_v2_1_vl_rfs.v:85]
INFO: [Synth 8-256] done synthesizing module 'axi_register_slice_v2_1_10_axic_register_slice' (14#1) [c:/Users/Tmicro 2/Desktop/JcTFG/ZynqEthernetCamera_2016/ZynqEthernetCamera_2016.srcs/sources_1/bd/Ethernet/ipshared/7efe/hdl/axi_register_slice_v2_1_vl_rfs.v:85]
INFO: [Synth 8-638] synthesizing module 'axi_register_slice_v2_1_10_axic_register_slice__parameterized0' [c:/Users/Tmicro 2/Desktop/JcTFG/ZynqEthernetCamera_2016/ZynqEthernetCamera_2016.srcs/sources_1/bd/Ethernet/ipshared/7efe/hdl/axi_register_slice_v2_1_vl_rfs.v:85]
INFO: [Synth 8-256] done synthesizing module 'axi_register_slice_v2_1_10_axic_register_slice__parameterized0' (14#1) [c:/Users/Tmicro 2/Desktop/JcTFG/ZynqEthernetCamera_2016/ZynqEthernetCamera_2016.srcs/sources_1/bd/Ethernet/ipshared/7efe/hdl/axi_register_slice_v2_1_vl_rfs.v:85]
INFO: [Synth 8-638] synthesizing module 'axi_register_slice_v2_1_10_axic_register_slice__parameterized1' [c:/Users/Tmicro 2/Desktop/JcTFG/ZynqEthernetCamera_2016/ZynqEthernetCamera_2016.srcs/sources_1/bd/Ethernet/ipshared/7efe/hdl/axi_register_slice_v2_1_vl_rfs.v:85]
INFO: [Synth 8-256] done synthesizing module 'axi_register_slice_v2_1_10_axic_register_slice__parameterized1' (14#1) [c:/Users/Tmicro 2/Desktop/JcTFG/ZynqEthernetCamera_2016/ZynqEthernetCamera_2016.srcs/sources_1/bd/Ethernet/ipshared/7efe/hdl/axi_register_slice_v2_1_vl_rfs.v:85]
INFO: [Synth 8-638] synthesizing module 'axi_register_slice_v2_1_10_axic_register_slice__parameterized2' [c:/Users/Tmicro 2/Desktop/JcTFG/ZynqEthernetCamera_2016/ZynqEthernetCamera_2016.srcs/sources_1/bd/Ethernet/ipshared/7efe/hdl/axi_register_slice_v2_1_vl_rfs.v:85]
INFO: [Synth 8-256] done synthesizing module 'axi_register_slice_v2_1_10_axic_register_slice__parameterized2' (14#1) [c:/Users/Tmicro 2/Desktop/JcTFG/ZynqEthernetCamera_2016/ZynqEthernetCamera_2016.srcs/sources_1/bd/Ethernet/ipshared/7efe/hdl/axi_register_slice_v2_1_vl_rfs.v:85]
INFO: [Synth 8-638] synthesizing module 'axi_infrastructure_v1_1_0_vector2axi' [c:/Users/Tmicro 2/Desktop/JcTFG/ZynqEthernetCamera_2016/ZynqEthernetCamera_2016.srcs/sources_1/bd/Ethernet/ipshared/7e3a/hdl/axi_infrastructure_v1_1_vl_rfs.v:474]
INFO: [Synth 8-256] done synthesizing module 'axi_infrastructure_v1_1_0_vector2axi' (15#1) [c:/Users/Tmicro 2/Desktop/JcTFG/ZynqEthernetCamera_2016/ZynqEthernetCamera_2016.srcs/sources_1/bd/Ethernet/ipshared/7e3a/hdl/axi_infrastructure_v1_1_vl_rfs.v:474]
INFO: [Synth 8-256] done synthesizing module 'axi_register_slice_v2_1_10_axi_register_slice' (16#1) [c:/Users/Tmicro 2/Desktop/JcTFG/ZynqEthernetCamera_2016/ZynqEthernetCamera_2016.srcs/sources_1/bd/Ethernet/ipshared/7efe/hdl/axi_register_slice_v2_1_vl_rfs.v:791]
INFO: [Synth 8-638] synthesizing module 'axi_crossbar_v2_1_11_addr_decoder__parameterized2' [c:/Users/Tmicro 2/Desktop/JcTFG/ZynqEthernetCamera_2016/ZynqEthernetCamera_2016.srcs/sources_1/bd/Ethernet/ipshared/d552/hdl/axi_crossbar_v2_1_vl_rfs.v:794]
INFO: [Synth 8-256] done synthesizing module 'axi_crossbar_v2_1_11_addr_decoder__parameterized2' (16#1) [c:/Users/Tmicro 2/Desktop/JcTFG/ZynqEthernetCamera_2016/ZynqEthernetCamera_2016.srcs/sources_1/bd/Ethernet/ipshared/d552/hdl/axi_crossbar_v2_1_vl_rfs.v:794]
INFO: [Synth 8-638] synthesizing module 'axi_crossbar_v2_1_11_addr_decoder__parameterized3' [c:/Users/Tmicro 2/Desktop/JcTFG/ZynqEthernetCamera_2016/ZynqEthernetCamera_2016.srcs/sources_1/bd/Ethernet/ipshared/d552/hdl/axi_crossbar_v2_1_vl_rfs.v:794]
INFO: [Synth 8-256] done synthesizing module 'axi_crossbar_v2_1_11_addr_decoder__parameterized3' (16#1) [c:/Users/Tmicro 2/Desktop/JcTFG/ZynqEthernetCamera_2016/ZynqEthernetCamera_2016.srcs/sources_1/bd/Ethernet/ipshared/d552/hdl/axi_crossbar_v2_1_vl_rfs.v:794]
INFO: [Synth 8-638] synthesizing module 'axi_data_fifo_v2_1_9_axic_srl_fifo__parameterized1' [c:/Users/Tmicro 2/Desktop/JcTFG/ZynqEthernetCamera_2016/ZynqEthernetCamera_2016.srcs/sources_1/bd/Ethernet/ipshared/10b8/hdl/axi_data_fifo_v2_1_vl_rfs.v:698]
INFO: [Synth 8-256] done synthesizing module 'axi_data_fifo_v2_1_9_axic_srl_fifo__parameterized1' (16#1) [c:/Users/Tmicro 2/Desktop/JcTFG/ZynqEthernetCamera_2016/ZynqEthernetCamera_2016.srcs/sources_1/bd/Ethernet/ipshared/10b8/hdl/axi_data_fifo_v2_1_vl_rfs.v:698]
INFO: [Synth 8-638] synthesizing module 'axi_crossbar_v2_1_11_wdata_mux__parameterized0' [c:/Users/Tmicro 2/Desktop/JcTFG/ZynqEthernetCamera_2016/ZynqEthernetCamera_2016.srcs/sources_1/bd/Ethernet/ipshared/d552/hdl/axi_crossbar_v2_1_vl_rfs.v:4559]
INFO: [Synth 8-638] synthesizing module 'axi_data_fifo_v2_1_9_axic_reg_srl_fifo__parameterized1' [c:/Users/Tmicro 2/Desktop/JcTFG/ZynqEthernetCamera_2016/ZynqEthernetCamera_2016.srcs/sources_1/bd/Ethernet/ipshared/10b8/hdl/axi_data_fifo_v2_1_vl_rfs.v:889]
INFO: [Synth 8-256] done synthesizing module 'axi_data_fifo_v2_1_9_axic_reg_srl_fifo__parameterized1' (16#1) [c:/Users/Tmicro 2/Desktop/JcTFG/ZynqEthernetCamera_2016/ZynqEthernetCamera_2016.srcs/sources_1/bd/Ethernet/ipshared/10b8/hdl/axi_data_fifo_v2_1_vl_rfs.v:889]
INFO: [Synth 8-638] synthesizing module 'generic_baseblocks_v2_1_0_mux_enc__parameterized3' [c:/Users/Tmicro 2/Desktop/JcTFG/ZynqEthernetCamera_2016/ZynqEthernetCamera_2016.srcs/sources_1/bd/Ethernet/ipshared/7ee0/hdl/generic_baseblocks_v2_1_vl_rfs.v:2452]
INFO: [Synth 8-256] done synthesizing module 'generic_baseblocks_v2_1_0_mux_enc__parameterized3' (16#1) [c:/Users/Tmicro 2/Desktop/JcTFG/ZynqEthernetCamera_2016/ZynqEthernetCamera_2016.srcs/sources_1/bd/Ethernet/ipshared/7ee0/hdl/generic_baseblocks_v2_1_vl_rfs.v:2452]
INFO: [Synth 8-256] done synthesizing module 'axi_crossbar_v2_1_11_wdata_mux__parameterized0' (16#1) [c:/Users/Tmicro 2/Desktop/JcTFG/ZynqEthernetCamera_2016/ZynqEthernetCamera_2016.srcs/sources_1/bd/Ethernet/ipshared/d552/hdl/axi_crossbar_v2_1_vl_rfs.v:4559]
INFO: [Synth 8-638] synthesizing module 'axi_crossbar_v2_1_11_decerr_slave' [c:/Users/Tmicro 2/Desktop/JcTFG/ZynqEthernetCamera_2016/ZynqEthernetCamera_2016.srcs/sources_1/bd/Ethernet/ipshared/d552/hdl/axi_crossbar_v2_1_vl_rfs.v:3500]
INFO: [Synth 8-256] done synthesizing module 'axi_crossbar_v2_1_11_decerr_slave' (17#1) [c:/Users/Tmicro 2/Desktop/JcTFG/ZynqEthernetCamera_2016/ZynqEthernetCamera_2016.srcs/sources_1/bd/Ethernet/ipshared/d552/hdl/axi_crossbar_v2_1_vl_rfs.v:3500]
INFO: [Synth 8-638] synthesizing module 'axi_crossbar_v2_1_11_addr_arbiter' [c:/Users/Tmicro 2/Desktop/JcTFG/ZynqEthernetCamera_2016/ZynqEthernetCamera_2016.srcs/sources_1/bd/Ethernet/ipshared/d552/hdl/axi_crossbar_v2_1_vl_rfs.v:423]
INFO: [Synth 8-638] synthesizing module 'generic_baseblocks_v2_1_0_mux_enc__parameterized4' [c:/Users/Tmicro 2/Desktop/JcTFG/ZynqEthernetCamera_2016/ZynqEthernetCamera_2016.srcs/sources_1/bd/Ethernet/ipshared/7ee0/hdl/generic_baseblocks_v2_1_vl_rfs.v:2452]
INFO: [Synth 8-256] done synthesizing module 'generic_baseblocks_v2_1_0_mux_enc__parameterized4' (17#1) [c:/Users/Tmicro 2/Desktop/JcTFG/ZynqEthernetCamera_2016/ZynqEthernetCamera_2016.srcs/sources_1/bd/Ethernet/ipshared/7ee0/hdl/generic_baseblocks_v2_1_vl_rfs.v:2452]
INFO: [Synth 8-638] synthesizing module 'generic_baseblocks_v2_1_0_mux_enc__parameterized5' [c:/Users/Tmicro 2/Desktop/JcTFG/ZynqEthernetCamera_2016/ZynqEthernetCamera_2016.srcs/sources_1/bd/Ethernet/ipshared/7ee0/hdl/generic_baseblocks_v2_1_vl_rfs.v:2452]
INFO: [Synth 8-256] done synthesizing module 'generic_baseblocks_v2_1_0_mux_enc__parameterized5' (17#1) [c:/Users/Tmicro 2/Desktop/JcTFG/ZynqEthernetCamera_2016/ZynqEthernetCamera_2016.srcs/sources_1/bd/Ethernet/ipshared/7ee0/hdl/generic_baseblocks_v2_1_vl_rfs.v:2452]
INFO: [Synth 8-256] done synthesizing module 'axi_crossbar_v2_1_11_addr_arbiter' (18#1) [c:/Users/Tmicro 2/Desktop/JcTFG/ZynqEthernetCamera_2016/ZynqEthernetCamera_2016.srcs/sources_1/bd/Ethernet/ipshared/d552/hdl/axi_crossbar_v2_1_vl_rfs.v:423]
INFO: [Synth 8-256] done synthesizing module 'axi_crossbar_v2_1_11_crossbar' (19#1) [c:/Users/Tmicro 2/Desktop/JcTFG/ZynqEthernetCamera_2016/ZynqEthernetCamera_2016.srcs/sources_1/bd/Ethernet/ipshared/d552/hdl/axi_crossbar_v2_1_vl_rfs.v:2239]
INFO: [Synth 8-256] done synthesizing module 'axi_crossbar_v2_1_11_axi_crossbar' (20#1) [c:/Users/Tmicro 2/Desktop/JcTFG/ZynqEthernetCamera_2016/ZynqEthernetCamera_2016.srcs/sources_1/bd/Ethernet/ipshared/d552/hdl/axi_crossbar_v2_1_vl_rfs.v:4882]
INFO: [Synth 8-256] done synthesizing module 'Ethernet_xbar_1' (21#1) [c:/Users/Tmicro 2/Desktop/JcTFG/ZynqEthernetCamera_2016/ZynqEthernetCamera_2016.srcs/sources_1/bd/Ethernet/ip/Ethernet_xbar_1/synth/Ethernet_xbar_1.v:59]
Finished RTL Elaboration : Time (s): cpu = 00:00:20 ; elapsed = 00:00:26 . Memory (MB): peak = 510.629 ; gain = 299.246
Finished RTL Optimization Phase 1 : Time (s): cpu = 00:00:21 ; elapsed = 00:00:27 . Memory (MB): peak = 510.629 ; gain = 299.246
INFO: [Device 21-403] Loading part xc7z010clg400-1
Constraint Validation Runtime : Time (s): cpu = 00:00:01 ; elapsed = 00:00:00.110 . Memory (MB): peak = 739.258 ; gain = 0.004
Finished Constraint Validation : Time (s): cpu = 00:00:31 ; elapsed = 00:00:47 . Memory (MB): peak = 739.258 ; gain = 527.875
Finished Loading Part and Timing Information : Time (s): cpu = 00:00:31 ; elapsed = 00:00:47 . Memory (MB): peak = 739.258 ; gain = 527.875
Finished applying 'set_property' XDC Constraints : Time (s): cpu = 00:00:31 ; elapsed = 00:00:47 . Memory (MB): peak = 739.258 ; gain = 527.875
Finished RTL Optimization Phase 2 : Time (s): cpu = 00:00:32 ; elapsed = 00:00:48 . Memory (MB): peak = 739.258 ; gain = 527.875
Finished Cross Boundary and Area Optimization : Time (s): cpu = 00:00:35 ; elapsed = 00:00:51 . Memory (MB): peak = 739.258 ; gain = 527.875
Finished Applying XDC Timing Constraints : Time (s): cpu = 00:00:47 ; elapsed = 00:01:05 . Memory (MB): peak = 739.258 ; gain = 527.875
Finished Timing Optimization : Time (s): cpu = 00:00:49 ; elapsed = 00:01:07 . Memory (MB): peak = 759.801 ; gain = 548.418
Finished Technology Mapping : Time (s): cpu = 00:00:49 ; elapsed = 00:01:08 . Memory (MB): peak = 759.801 ; gain = 548.418
Finished IO Insertion : Time (s): cpu = 00:00:50 ; elapsed = 00:01:08 . Memory (MB): peak = 759.801 ; gain = 548.418
Finished Renaming Generated Instances : Time (s): cpu = 00:00:50 ; elapsed = 00:01:08 . Memory (MB): peak = 759.801 ; gain = 548.418
Finished Rebuilding User Hierarchy : Time (s): cpu = 00:00:50 ; elapsed = 00:01:08 . Memory (MB): peak = 759.801 ; gain = 548.418
Finished Renaming Generated Ports : Time (s): cpu = 00:00:50 ; elapsed = 00:01:08 . Memory (MB): peak = 759.801 ; gain = 548.418
Finished Handling Custom Attributes : Time (s): cpu = 00:00:50 ; elapsed = 00:01:08 . Memory (MB): peak = 759.801 ; gain = 548.418
Finished Renaming Generated Nets : Time (s): cpu = 00:00:50 ; elapsed = 00:01:08 . Memory (MB): peak = 759.801 ; gain = 548.418

Report Cell Usage: 
+------+--------+------+
|      |Cell    |Count |
+------+--------+------+
|1     |LUT1    |     8|
|2     |LUT2    |   163|
|3     |LUT3    |   227|
|4     |LUT4    |   128|
|5     |LUT5    |    44|
|6     |LUT6    |   106|
|7     |SRLC32E |     6|
|8     |FDRE    |   373|
|9     |FDSE    |    15|
+------+--------+------+
Finished Writing Synthesis Report : Time (s): cpu = 00:00:50 ; elapsed = 00:01:08 . Memory (MB): peak = 759.801 ; gain = 548.418
synth_design: Time (s): cpu = 00:00:46 ; elapsed = 00:01:01 . Memory (MB): peak = 764.957 ; gain = 482.652
