
*** Running vivado
    with args -log Ethernet_axi_ethernet_0_0.vds -m64 -product Vivado -mode batch -messageDb vivado.pb -notrace -source Ethernet_axi_ethernet_0_0.tcl


****** Vivado v2016.3 (64-bit)
  **** SW Build 1682563 on Mon Oct 10 19:07:27 MDT 2016
  **** IP Build 1681267 on Mon Oct 10 21:28:31 MDT 2016
    ** Copyright 1986-2016 Xilinx, Inc. All Rights Reserved.

ERROR: [Common 17-354] Could not open 'C' for writing.
ERROR: [Common 17-356] Failed to install all user apps.
source Ethernet_axi_ethernet_0_0.tcl -notrace
Starting RTL Elaboration : Time (s): cpu = 00:00:09 ; elapsed = 00:00:40 . Memory (MB): peak = 375.617 ; gain = 164.090
INFO: [Synth 8-638] synthesizing module 'Ethernet_axi_ethernet_0_0' [c:/Users/Tmicro 2/Desktop/JcTFG/ZynqEthernetCamera_2016/ZynqEthernetCamera_2016.srcs/sources_1/bd/Ethernet/ip/Ethernet_axi_ethernet_0_0/synth/Ethernet_axi_ethernet_0_0.vhd:122]
INFO: [Synth 8-638] synthesizing module 'bd_1b50' [c:/Users/Tmicro 2/Desktop/JcTFG/ZynqEthernetCamera_2016/ZynqEthernetCamera_2016.srcs/sources_1/bd/Ethernet/ip/Ethernet_axi_ethernet_0_0/bd_0/hdl/bd_1b50.vhd:84]
INFO: [Synth 8-638] synthesizing module 'bd_1b50_eth_buf_0' [C:/Users/Tmicro 2/Desktop/JcTFG/ZynqEthernetCamera_2016/ZynqEthernetCamera_2016.runs/Ethernet_axi_ethernet_0_0_synth_1/.Xil/Vivado-1848-Pract2/realtime/bd_1b50_eth_buf_0_stub.vhdl:113]
INFO: [Synth 8-638] synthesizing module 'bd_1b50_eth_mac_0' [C:/Users/Tmicro 2/Desktop/JcTFG/ZynqEthernetCamera_2016/ZynqEthernetCamera_2016.runs/Ethernet_axi_ethernet_0_0_synth_1/.Xil/Vivado-1848-Pract2/realtime/bd_1b50_eth_mac_0_stub.vhdl:75]
INFO: [Synth 8-256] done synthesizing module 'bd_1b50' (1#1) [c:/Users/Tmicro 2/Desktop/JcTFG/ZynqEthernetCamera_2016/ZynqEthernetCamera_2016.srcs/sources_1/bd/Ethernet/ip/Ethernet_axi_ethernet_0_0/bd_0/hdl/bd_1b50.vhd:84]
INFO: [Synth 8-256] done synthesizing module 'Ethernet_axi_ethernet_0_0' (2#1) [c:/Users/Tmicro 2/Desktop/JcTFG/ZynqEthernetCamera_2016/ZynqEthernetCamera_2016.srcs/sources_1/bd/Ethernet/ip/Ethernet_axi_ethernet_0_0/synth/Ethernet_axi_ethernet_0_0.vhd:122]
Finished RTL Elaboration : Time (s): cpu = 00:00:10 ; elapsed = 00:00:41 . Memory (MB): peak = 414.004 ; gain = 202.477
Finished RTL Optimization Phase 1 : Time (s): cpu = 00:00:10 ; elapsed = 00:00:42 . Memory (MB): peak = 414.004 ; gain = 202.477
INFO: [Device 21-403] Loading part xc7z010clg400-1
Constraint Validation Runtime : Time (s): cpu = 00:00:00 ; elapsed = 00:00:00.172 . Memory (MB): peak = 631.113 ; gain = 0.000
Finished Constraint Validation : Time (s): cpu = 00:00:20 ; elapsed = 00:00:56 . Memory (MB): peak = 631.113 ; gain = 419.586
Finished Loading Part and Timing Information : Time (s): cpu = 00:00:20 ; elapsed = 00:00:56 . Memory (MB): peak = 631.113 ; gain = 419.586
Finished applying 'set_property' XDC Constraints : Time (s): cpu = 00:00:20 ; elapsed = 00:00:56 . Memory (MB): peak = 631.113 ; gain = 419.586
Finished RTL Optimization Phase 2 : Time (s): cpu = 00:00:20 ; elapsed = 00:00:56 . Memory (MB): peak = 631.113 ; gain = 419.586
Finished Cross Boundary and Area Optimization : Time (s): cpu = 00:00:21 ; elapsed = 00:00:57 . Memory (MB): peak = 631.113 ; gain = 419.586
Finished Applying XDC Timing Constraints : Time (s): cpu = 00:00:32 ; elapsed = 00:01:11 . Memory (MB): peak = 649.574 ; gain = 438.047
Finished Timing Optimization : Time (s): cpu = 00:00:32 ; elapsed = 00:01:11 . Memory (MB): peak = 649.582 ; gain = 438.055
Finished Technology Mapping : Time (s): cpu = 00:00:32 ; elapsed = 00:01:11 . Memory (MB): peak = 659.301 ; gain = 447.773
Finished IO Insertion : Time (s): cpu = 00:00:32 ; elapsed = 00:01:11 . Memory (MB): peak = 659.301 ; gain = 447.773
Finished Renaming Generated Instances : Time (s): cpu = 00:00:32 ; elapsed = 00:01:11 . Memory (MB): peak = 659.301 ; gain = 447.773
Finished Rebuilding User Hierarchy : Time (s): cpu = 00:00:32 ; elapsed = 00:01:11 . Memory (MB): peak = 659.301 ; gain = 447.773
Finished Renaming Generated Ports : Time (s): cpu = 00:00:32 ; elapsed = 00:01:11 . Memory (MB): peak = 659.301 ; gain = 447.773
Finished Handling Custom Attributes : Time (s): cpu = 00:00:32 ; elapsed = 00:01:11 . Memory (MB): peak = 659.301 ; gain = 447.773
Finished Renaming Generated Nets : Time (s): cpu = 00:00:32 ; elapsed = 00:01:11 . Memory (MB): peak = 659.301 ; gain = 447.773

Report Cell Usage: 
+------+-----------------------+------+
|      |Cell                   |Count |
+------+-----------------------+------+
|1     |bd_1b50_eth_buf_0_bbox |     1|
|2     |bd_1b50_eth_mac_0_bbox |     1|
+------+-----------------------+------+
Finished Writing Synthesis Report : Time (s): cpu = 00:00:32 ; elapsed = 00:01:11 . Memory (MB): peak = 659.301 ; gain = 447.773
synth_design: Time (s): cpu = 00:00:28 ; elapsed = 00:00:37 . Memory (MB): peak = 690.621 ; gain = 391.234
