
*** Running vivado
    with args -log Ethernet_axi_ethernet_0_dma_0.vds -m64 -product Vivado -mode batch -messageDb vivado.pb -notrace -source Ethernet_axi_ethernet_0_dma_0.tcl


****** Vivado v2016.3 (64-bit)
  **** SW Build 1682563 on Mon Oct 10 19:07:27 MDT 2016
  **** IP Build 1681267 on Mon Oct 10 21:28:31 MDT 2016
    ** Copyright 1986-2016 Xilinx, Inc. All Rights Reserved.

source Ethernet_axi_ethernet_0_dma_0.tcl -notrace
Starting RTL Elaboration : Time (s): cpu = 00:00:14 ; elapsed = 00:00:53 . Memory (MB): peak = 384.488 ; gain = 173.340
INFO: [Synth 8-638] synthesizing module 'Ethernet_axi_ethernet_0_dma_0' [c:/Users/Tmicro 2/Desktop/JcTFG/ZynqEthernetCamera_2016/ZynqEthernetCamera_2016.srcs/sources_1/bd/Ethernet/ip/Ethernet_axi_ethernet_0_dma_0/synth/Ethernet_axi_ethernet_0_dma_0.vhd:170]
INFO: [Synth 8-638] synthesizing module 'axi_dma' [c:/Users/Tmicro 2/Desktop/JcTFG/ZynqEthernetCamera_2016/ZynqEthernetCamera_2016.srcs/sources_1/bd/Ethernet/ipshared/a41f/hdl/axi_dma_v7_1_vh_rfs.vhd:21830]
INFO: [Synth 8-638] synthesizing module 'axi_dma_rst_module' [c:/Users/Tmicro 2/Desktop/JcTFG/ZynqEthernetCamera_2016/ZynqEthernetCamera_2016.srcs/sources_1/bd/Ethernet/ipshared/a41f/hdl/axi_dma_v7_1_vh_rfs.vhd:1595]
INFO: [Synth 8-638] synthesizing module 'cdc_sync' [c:/Users/Tmicro 2/Desktop/JcTFG/ZynqEthernetCamera_2016/ZynqEthernetCamera_2016.srcs/sources_1/bd/Ethernet/ipshared/52cb/hdl/lib_cdc_v1_0_rfs.vhd:106]
INFO: [Synth 8-256] done synthesizing module 'cdc_sync' (1#1) [c:/Users/Tmicro 2/Desktop/JcTFG/ZynqEthernetCamera_2016/ZynqEthernetCamera_2016.srcs/sources_1/bd/Ethernet/ipshared/52cb/hdl/lib_cdc_v1_0_rfs.vhd:106]
INFO: [Synth 8-638] synthesizing module 'axi_dma_reset' [c:/Users/Tmicro 2/Desktop/JcTFG/ZynqEthernetCamera_2016/ZynqEthernetCamera_2016.srcs/sources_1/bd/Ethernet/ipshared/a41f/hdl/axi_dma_v7_1_vh_rfs.vhd:603]
INFO: [Synth 8-256] done synthesizing module 'axi_dma_reset' (2#1) [c:/Users/Tmicro 2/Desktop/JcTFG/ZynqEthernetCamera_2016/ZynqEthernetCamera_2016.srcs/sources_1/bd/Ethernet/ipshared/a41f/hdl/axi_dma_v7_1_vh_rfs.vhd:603]
INFO: [Synth 8-256] done synthesizing module 'axi_dma_rst_module' (3#1) [c:/Users/Tmicro 2/Desktop/JcTFG/ZynqEthernetCamera_2016/ZynqEthernetCamera_2016.srcs/sources_1/bd/Ethernet/ipshared/a41f/hdl/axi_dma_v7_1_vh_rfs.vhd:1595]
INFO: [Synth 8-638] synthesizing module 'axi_dma_reg_module' [c:/Users/Tmicro 2/Desktop/JcTFG/ZynqEthernetCamera_2016/ZynqEthernetCamera_2016.srcs/sources_1/bd/Ethernet/ipshared/a41f/hdl/axi_dma_v7_1_vh_rfs.vhd:8254]
INFO: [Synth 8-638] synthesizing module 'axi_dma_lite_if' [c:/Users/Tmicro 2/Desktop/JcTFG/ZynqEthernetCamera_2016/ZynqEthernetCamera_2016.srcs/sources_1/bd/Ethernet/ipshared/a41f/hdl/axi_dma_v7_1_vh_rfs.vhd:2066]
INFO: [Synth 8-256] done synthesizing module 'axi_dma_lite_if' (4#1) [c:/Users/Tmicro 2/Desktop/JcTFG/ZynqEthernetCamera_2016/ZynqEthernetCamera_2016.srcs/sources_1/bd/Ethernet/ipshared/a41f/hdl/axi_dma_v7_1_vh_rfs.vhd:2066]
INFO: [Synth 8-638] synthesizing module 'axi_dma_register' [c:/Users/Tmicro 2/Desktop/JcTFG/ZynqEthernetCamera_2016/ZynqEthernetCamera_2016.srcs/sources_1/bd/Ethernet/ipshared/a41f/hdl/axi_dma_v7_1_vh_rfs.vhd:3604]
INFO: [Synth 8-256] done synthesizing module 'axi_dma_register' (5#1) [c:/Users/Tmicro 2/Desktop/JcTFG/ZynqEthernetCamera_2016/ZynqEthernetCamera_2016.srcs/sources_1/bd/Ethernet/ipshared/a41f/hdl/axi_dma_v7_1_vh_rfs.vhd:3604]
INFO: [Synth 8-638] synthesizing module 'axi_dma_register_s2mm' [c:/Users/Tmicro 2/Desktop/JcTFG/ZynqEthernetCamera_2016/ZynqEthernetCamera_2016.srcs/sources_1/bd/Ethernet/ipshared/a41f/hdl/axi_dma_v7_1_vh_rfs.vhd:4837]
INFO: [Synth 8-256] done synthesizing module 'axi_dma_register_s2mm' (6#1) [c:/Users/Tmicro 2/Desktop/JcTFG/ZynqEthernetCamera_2016/ZynqEthernetCamera_2016.srcs/sources_1/bd/Ethernet/ipshared/a41f/hdl/axi_dma_v7_1_vh_rfs.vhd:4837]
INFO: [Synth 8-256] done synthesizing module 'axi_dma_reg_module' (7#1) [c:/Users/Tmicro 2/Desktop/JcTFG/ZynqEthernetCamera_2016/ZynqEthernetCamera_2016.srcs/sources_1/bd/Ethernet/ipshared/a41f/hdl/axi_dma_v7_1_vh_rfs.vhd:8254]
INFO: [Synth 8-638] synthesizing module 'axi_sg' [c:/Users/Tmicro 2/Desktop/JcTFG/ZynqEthernetCamera_2016/ZynqEthernetCamera_2016.srcs/sources_1/bd/Ethernet/ipshared/57b4/hdl/axi_sg_v4_1_rfs.vhd:28736]
INFO: [Synth 8-638] synthesizing module 'axi_sg_ftch_mngr' [c:/Users/Tmicro 2/Desktop/JcTFG/ZynqEthernetCamera_2016/ZynqEthernetCamera_2016.srcs/sources_1/bd/Ethernet/ipshared/57b4/hdl/axi_sg_v4_1_rfs.vhd:20303]
INFO: [Synth 8-638] synthesizing module 'axi_sg_ftch_sm' [c:/Users/Tmicro 2/Desktop/JcTFG/ZynqEthernetCamera_2016/ZynqEthernetCamera_2016.srcs/sources_1/bd/Ethernet/ipshared/57b4/hdl/axi_sg_v4_1_rfs.vhd:18543]
INFO: [Synth 8-256] done synthesizing module 'axi_sg_ftch_sm' (8#1) [c:/Users/Tmicro 2/Desktop/JcTFG/ZynqEthernetCamera_2016/ZynqEthernetCamera_2016.srcs/sources_1/bd/Ethernet/ipshared/57b4/hdl/axi_sg_v4_1_rfs.vhd:18543]
INFO: [Synth 8-638] synthesizing module 'axi_sg_ftch_pntr' [c:/Users/Tmicro 2/Desktop/JcTFG/ZynqEthernetCamera_2016/ZynqEthernetCamera_2016.srcs/sources_1/bd/Ethernet/ipshared/57b4/hdl/axi_sg_v4_1_rfs.vhd:19527]
INFO: [Synth 8-256] done synthesizing module 'axi_sg_ftch_pntr' (9#1) [c:/Users/Tmicro 2/Desktop/JcTFG/ZynqEthernetCamera_2016/ZynqEthernetCamera_2016.srcs/sources_1/bd/Ethernet/ipshared/57b4/hdl/axi_sg_v4_1_rfs.vhd:19527]
INFO: [Synth 8-638] synthesizing module 'axi_sg_ftch_cmdsts_if' [c:/Users/Tmicro 2/Desktop/JcTFG/ZynqEthernetCamera_2016/ZynqEthernetCamera_2016.srcs/sources_1/bd/Ethernet/ipshared/57b4/hdl/axi_sg_v4_1_rfs.vhd:19938]
INFO: [Synth 8-256] done synthesizing module 'axi_sg_ftch_cmdsts_if' (10#1) [c:/Users/Tmicro 2/Desktop/JcTFG/ZynqEthernetCamera_2016/ZynqEthernetCamera_2016.srcs/sources_1/bd/Ethernet/ipshared/57b4/hdl/axi_sg_v4_1_rfs.vhd:19938]
INFO: [Synth 8-256] done synthesizing module 'axi_sg_ftch_mngr' (11#1) [c:/Users/Tmicro 2/Desktop/JcTFG/ZynqEthernetCamera_2016/ZynqEthernetCamera_2016.srcs/sources_1/bd/Ethernet/ipshared/57b4/hdl/axi_sg_v4_1_rfs.vhd:20303]
INFO: [Synth 8-638] synthesizing module 'axi_sg_ftch_q_mngr' [c:/Users/Tmicro 2/Desktop/JcTFG/ZynqEthernetCamera_2016/ZynqEthernetCamera_2016.srcs/sources_1/bd/Ethernet/ipshared/57b4/hdl/axi_sg_v4_1_rfs.vhd:22897]
INFO: [Synth 8-638] synthesizing module 'axi_sg_ftch_queue' [c:/Users/Tmicro 2/Desktop/JcTFG/ZynqEthernetCamera_2016/ZynqEthernetCamera_2016.srcs/sources_1/bd/Ethernet/ipshared/57b4/hdl/axi_sg_v4_1_rfs.vhd:21321]
INFO: [Synth 8-638] synthesizing module 'axi_sg_cntrl_strm' [c:/Users/Tmicro 2/Desktop/JcTFG/ZynqEthernetCamera_2016/ZynqEthernetCamera_2016.srcs/sources_1/bd/Ethernet/ipshared/57b4/hdl/axi_sg_v4_1_rfs.vhd:20674]
INFO: [Synth 8-638] synthesizing module 'sync_fifo_fg' [c:/Users/Tmicro 2/Desktop/JcTFG/ZynqEthernetCamera_2016/ZynqEthernetCamera_2016.srcs/sources_1/bd/Ethernet/ipshared/61a7/hdl/lib_fifo_v1_0_rfs.vhd:2097]
INFO: [Synth 8-256] done synthesizing module 'sync_fifo_fg' (29#1) [c:/Users/Tmicro 2/Desktop/JcTFG/ZynqEthernetCamera_2016/ZynqEthernetCamera_2016.srcs/sources_1/bd/Ethernet/ipshared/61a7/hdl/lib_fifo_v1_0_rfs.vhd:2097]
INFO: [Synth 8-256] done synthesizing module 'axi_sg_cntrl_strm' (30#1) [c:/Users/Tmicro 2/Desktop/JcTFG/ZynqEthernetCamera_2016/ZynqEthernetCamera_2016.srcs/sources_1/bd/Ethernet/ipshared/57b4/hdl/axi_sg_v4_1_rfs.vhd:20674]
INFO: [Synth 8-256] done synthesizing module 'axi_sg_ftch_queue' (31#1) [c:/Users/Tmicro 2/Desktop/JcTFG/ZynqEthernetCamera_2016/ZynqEthernetCamera_2016.srcs/sources_1/bd/Ethernet/ipshared/57b4/hdl/axi_sg_v4_1_rfs.vhd:21321]
INFO: [Synth 8-256] done synthesizing module 'axi_sg_ftch_q_mngr' (32#1) [c:/Users/Tmicro 2/Desktop/JcTFG/ZynqEthernetCamera_2016/ZynqEthernetCamera_2016.srcs/sources_1/bd/Ethernet/ipshared/57b4/hdl/axi_sg_v4_1_rfs.vhd:22897]
INFO: [Synth 8-638] synthesizing module 'axi_sg_updt_mngr' [c:/Users/Tmicro 2/Desktop/JcTFG/ZynqEthernetCamera_2016/ZynqEthernetCamera_2016.srcs/sources_1/bd/Ethernet/ipshared/57b4/hdl/axi_sg_v4_1_rfs.vhd:25077]
INFO: [Synth 8-638] synthesizing module 'axi_sg_updt_sm' [c:/Users/Tmicro 2/Desktop/JcTFG/ZynqEthernetCamera_2016/ZynqEthernetCamera_2016.srcs/sources_1/bd/Ethernet/ipshared/57b4/hdl/axi_sg_v4_1_rfs.vhd:24165]
INFO: [Synth 8-256] done synthesizing module 'axi_sg_updt_sm' (33#1) [c:/Users/Tmicro 2/Desktop/JcTFG/ZynqEthernetCamera_2016/ZynqEthernetCamera_2016.srcs/sources_1/bd/Ethernet/ipshared/57b4/hdl/axi_sg_v4_1_rfs.vhd:24165]
INFO: [Synth 8-638] synthesizing module 'axi_sg_updt_cmdsts_if' [c:/Users/Tmicro 2/Desktop/JcTFG/ZynqEthernetCamera_2016/ZynqEthernetCamera_2016.srcs/sources_1/bd/Ethernet/ipshared/57b4/hdl/axi_sg_v4_1_rfs.vhd:23854]
INFO: [Synth 8-256] done synthesizing module 'axi_sg_updt_cmdsts_if' (34#1) [c:/Users/Tmicro 2/Desktop/JcTFG/ZynqEthernetCamera_2016/ZynqEthernetCamera_2016.srcs/sources_1/bd/Ethernet/ipshared/57b4/hdl/axi_sg_v4_1_rfs.vhd:23854]
INFO: [Synth 8-256] done synthesizing module 'axi_sg_updt_mngr' (35#1) [c:/Users/Tmicro 2/Desktop/JcTFG/ZynqEthernetCamera_2016/ZynqEthernetCamera_2016.srcs/sources_1/bd/Ethernet/ipshared/57b4/hdl/axi_sg_v4_1_rfs.vhd:25077]
INFO: [Synth 8-638] synthesizing module 'axi_sg_updt_q_mngr' [c:/Users/Tmicro 2/Desktop/JcTFG/ZynqEthernetCamera_2016/ZynqEthernetCamera_2016.srcs/sources_1/bd/Ethernet/ipshared/57b4/hdl/axi_sg_v4_1_rfs.vhd:27298]
INFO: [Synth 8-638] synthesizing module 'axi_sg_updt_queue' [c:/Users/Tmicro 2/Desktop/JcTFG/ZynqEthernetCamera_2016/ZynqEthernetCamera_2016.srcs/sources_1/bd/Ethernet/ipshared/57b4/hdl/axi_sg_v4_1_rfs.vhd:25428]
INFO: [Synth 8-638] synthesizing module 'srl_fifo_f' [c:/Users/Tmicro 2/Desktop/JcTFG/ZynqEthernetCamera_2016/ZynqEthernetCamera_2016.srcs/sources_1/bd/Ethernet/ipshared/6039/hdl/lib_srl_fifo_v1_0_rfs.vhd:1000]
INFO: [Synth 8-638] synthesizing module 'srl_fifo_rbu_f' [c:/Users/Tmicro 2/Desktop/JcTFG/ZynqEthernetCamera_2016/ZynqEthernetCamera_2016.srcs/sources_1/bd/Ethernet/ipshared/6039/hdl/lib_srl_fifo_v1_0_rfs.vhd:697]
INFO: [Synth 8-638] synthesizing module 'cntr_incr_decr_addn_f' [c:/Users/Tmicro 2/Desktop/JcTFG/ZynqEthernetCamera_2016/ZynqEthernetCamera_2016.srcs/sources_1/bd/Ethernet/ipshared/6039/hdl/lib_srl_fifo_v1_0_rfs.vhd:143]
INFO: [Synth 8-256] done synthesizing module 'cntr_incr_decr_addn_f' (36#1) [c:/Users/Tmicro 2/Desktop/JcTFG/ZynqEthernetCamera_2016/ZynqEthernetCamera_2016.srcs/sources_1/bd/Ethernet/ipshared/6039/hdl/lib_srl_fifo_v1_0_rfs.vhd:143]
INFO: [Synth 8-638] synthesizing module 'dynshreg_f' [c:/Users/Tmicro 2/Desktop/JcTFG/ZynqEthernetCamera_2016/ZynqEthernetCamera_2016.srcs/sources_1/bd/Ethernet/ipshared/6039/hdl/lib_srl_fifo_v1_0_rfs.vhd:397]
INFO: [Synth 8-256] done synthesizing module 'dynshreg_f' (37#1) [c:/Users/Tmicro 2/Desktop/JcTFG/ZynqEthernetCamera_2016/ZynqEthernetCamera_2016.srcs/sources_1/bd/Ethernet/ipshared/6039/hdl/lib_srl_fifo_v1_0_rfs.vhd:397]
INFO: [Synth 8-256] done synthesizing module 'srl_fifo_rbu_f' (38#1) [c:/Users/Tmicro 2/Desktop/JcTFG/ZynqEthernetCamera_2016/ZynqEthernetCamera_2016.srcs/sources_1/bd/Ethernet/ipshared/6039/hdl/lib_srl_fifo_v1_0_rfs.vhd:697]
INFO: [Synth 8-256] done synthesizing module 'srl_fifo_f' (39#1) [c:/Users/Tmicro 2/Desktop/JcTFG/ZynqEthernetCamera_2016/ZynqEthernetCamera_2016.srcs/sources_1/bd/Ethernet/ipshared/6039/hdl/lib_srl_fifo_v1_0_rfs.vhd:1000]
INFO: [Synth 8-256] done synthesizing module 'axi_sg_updt_queue' (40#1) [c:/Users/Tmicro 2/Desktop/JcTFG/ZynqEthernetCamera_2016/ZynqEthernetCamera_2016.srcs/sources_1/bd/Ethernet/ipshared/57b4/hdl/axi_sg_v4_1_rfs.vhd:25428]
INFO: [Synth 8-256] done synthesizing module 'axi_sg_updt_q_mngr' (41#1) [c:/Users/Tmicro 2/Desktop/JcTFG/ZynqEthernetCamera_2016/ZynqEthernetCamera_2016.srcs/sources_1/bd/Ethernet/ipshared/57b4/hdl/axi_sg_v4_1_rfs.vhd:27298]
INFO: [Synth 8-638] synthesizing module 'axi_sg_intrpt' [c:/Users/Tmicro 2/Desktop/JcTFG/ZynqEthernetCamera_2016/ZynqEthernetCamera_2016.srcs/sources_1/bd/Ethernet/ipshared/57b4/hdl/axi_sg_v4_1_rfs.vhd:27902]
INFO: [Synth 8-256] done synthesizing module 'axi_sg_intrpt' (42#1) [c:/Users/Tmicro 2/Desktop/JcTFG/ZynqEthernetCamera_2016/ZynqEthernetCamera_2016.srcs/sources_1/bd/Ethernet/ipshared/57b4/hdl/axi_sg_v4_1_rfs.vhd:27902]
INFO: [Synth 8-638] synthesizing module 'axi_sg_datamover' [c:/Users/Tmicro 2/Desktop/JcTFG/ZynqEthernetCamera_2016/ZynqEthernetCamera_2016.srcs/sources_1/bd/Ethernet/ipshared/57b4/hdl/axi_sg_v4_1_rfs.vhd:17737]
INFO: [Synth 8-638] synthesizing module 'axi_sg_mm2s_basic_wrap' [c:/Users/Tmicro 2/Desktop/JcTFG/ZynqEthernetCamera_2016/ZynqEthernetCamera_2016.srcs/sources_1/bd/Ethernet/ipshared/57b4/hdl/axi_sg_v4_1_rfs.vhd:15576]
INFO: [Synth 8-638] synthesizing module 'axi_sg_reset' [c:/Users/Tmicro 2/Desktop/JcTFG/ZynqEthernetCamera_2016/ZynqEthernetCamera_2016.srcs/sources_1/bd/Ethernet/ipshared/57b4/hdl/axi_sg_v4_1_rfs.vhd:303]
INFO: [Synth 8-256] done synthesizing module 'axi_sg_reset' (43#1) [c:/Users/Tmicro 2/Desktop/JcTFG/ZynqEthernetCamera_2016/ZynqEthernetCamera_2016.srcs/sources_1/bd/Ethernet/ipshared/57b4/hdl/axi_sg_v4_1_rfs.vhd:303]
INFO: [Synth 8-638] synthesizing module 'axi_sg_cmd_status' [c:/Users/Tmicro 2/Desktop/JcTFG/ZynqEthernetCamera_2016/ZynqEthernetCamera_2016.srcs/sources_1/bd/Ethernet/ipshared/57b4/hdl/axi_sg_v4_1_rfs.vhd:2683]
INFO: [Synth 8-638] synthesizing module 'axi_sg_fifo' [c:/Users/Tmicro 2/Desktop/JcTFG/ZynqEthernetCamera_2016/ZynqEthernetCamera_2016.srcs/sources_1/bd/Ethernet/ipshared/57b4/hdl/axi_sg_v4_1_rfs.vhd:1883]
INFO: [Synth 8-256] done synthesizing module 'axi_sg_fifo' (44#1) [c:/Users/Tmicro 2/Desktop/JcTFG/ZynqEthernetCamera_2016/ZynqEthernetCamera_2016.srcs/sources_1/bd/Ethernet/ipshared/57b4/hdl/axi_sg_v4_1_rfs.vhd:1883]
INFO: [Synth 8-638] synthesizing module 'axi_sg_fifo__parameterized0' [c:/Users/Tmicro 2/Desktop/JcTFG/ZynqEthernetCamera_2016/ZynqEthernetCamera_2016.srcs/sources_1/bd/Ethernet/ipshared/57b4/hdl/axi_sg_v4_1_rfs.vhd:1883]
INFO: [Synth 8-256] done synthesizing module 'axi_sg_fifo__parameterized0' (44#1) [c:/Users/Tmicro 2/Desktop/JcTFG/ZynqEthernetCamera_2016/ZynqEthernetCamera_2016.srcs/sources_1/bd/Ethernet/ipshared/57b4/hdl/axi_sg_v4_1_rfs.vhd:1883]
INFO: [Synth 8-638] synthesizing module 'axi_sg_fifo__parameterized1' [c:/Users/Tmicro 2/Desktop/JcTFG/ZynqEthernetCamera_2016/ZynqEthernetCamera_2016.srcs/sources_1/bd/Ethernet/ipshared/57b4/hdl/axi_sg_v4_1_rfs.vhd:1883]
INFO: [Synth 8-256] done synthesizing module 'axi_sg_fifo__parameterized1' (44#1) [c:/Users/Tmicro 2/Desktop/JcTFG/ZynqEthernetCamera_2016/ZynqEthernetCamera_2016.srcs/sources_1/bd/Ethernet/ipshared/57b4/hdl/axi_sg_v4_1_rfs.vhd:1883]
INFO: [Synth 8-256] done synthesizing module 'axi_sg_cmd_status' (45#1) [c:/Users/Tmicro 2/Desktop/JcTFG/ZynqEthernetCamera_2016/ZynqEthernetCamera_2016.srcs/sources_1/bd/Ethernet/ipshared/57b4/hdl/axi_sg_v4_1_rfs.vhd:2683]
INFO: [Synth 8-638] synthesizing module 'axi_sg_rd_status_cntl' [c:/Users/Tmicro 2/Desktop/JcTFG/ZynqEthernetCamera_2016/ZynqEthernetCamera_2016.srcs/sources_1/bd/Ethernet/ipshared/57b4/hdl/axi_sg_v4_1_rfs.vhd:7089]
INFO: [Synth 8-256] done synthesizing module 'axi_sg_rd_status_cntl' (46#1) [c:/Users/Tmicro 2/Desktop/JcTFG/ZynqEthernetCamera_2016/ZynqEthernetCamera_2016.srcs/sources_1/bd/Ethernet/ipshared/57b4/hdl/axi_sg_v4_1_rfs.vhd:7089]
INFO: [Synth 8-638] synthesizing module 'axi_sg_scc' [c:/Users/Tmicro 2/Desktop/JcTFG/ZynqEthernetCamera_2016/ZynqEthernetCamera_2016.srcs/sources_1/bd/Ethernet/ipshared/57b4/hdl/axi_sg_v4_1_rfs.vhd:7562]
INFO: [Synth 8-256] done synthesizing module 'axi_sg_scc' (47#1) [c:/Users/Tmicro 2/Desktop/JcTFG/ZynqEthernetCamera_2016/ZynqEthernetCamera_2016.srcs/sources_1/bd/Ethernet/ipshared/57b4/hdl/axi_sg_v4_1_rfs.vhd:7562]
INFO: [Synth 8-638] synthesizing module 'axi_sg_addr_cntl' [c:/Users/Tmicro 2/Desktop/JcTFG/ZynqEthernetCamera_2016/ZynqEthernetCamera_2016.srcs/sources_1/bd/Ethernet/ipshared/57b4/hdl/axi_sg_v4_1_rfs.vhd:4548]
INFO: [Synth 8-256] done synthesizing module 'axi_sg_addr_cntl' (48#1) [c:/Users/Tmicro 2/Desktop/JcTFG/ZynqEthernetCamera_2016/ZynqEthernetCamera_2016.srcs/sources_1/bd/Ethernet/ipshared/57b4/hdl/axi_sg_v4_1_rfs.vhd:4548]
INFO: [Synth 8-638] synthesizing module 'axi_sg_rddata_cntl' [c:/Users/Tmicro 2/Desktop/JcTFG/ZynqEthernetCamera_2016/ZynqEthernetCamera_2016.srcs/sources_1/bd/Ethernet/ipshared/57b4/hdl/axi_sg_v4_1_rfs.vhd:5476]
INFO: [Synth 8-256] done synthesizing module 'axi_sg_rddata_cntl' (49#1) [c:/Users/Tmicro 2/Desktop/JcTFG/ZynqEthernetCamera_2016/ZynqEthernetCamera_2016.srcs/sources_1/bd/Ethernet/ipshared/57b4/hdl/axi_sg_v4_1_rfs.vhd:5476]
INFO: [Synth 8-256] done synthesizing module 'axi_sg_mm2s_basic_wrap' (50#1) [c:/Users/Tmicro 2/Desktop/JcTFG/ZynqEthernetCamera_2016/ZynqEthernetCamera_2016.srcs/sources_1/bd/Ethernet/ipshared/57b4/hdl/axi_sg_v4_1_rfs.vhd:15576]
INFO: [Synth 8-638] synthesizing module 'axi_sg_s2mm_basic_wrap' [c:/Users/Tmicro 2/Desktop/JcTFG/ZynqEthernetCamera_2016/ZynqEthernetCamera_2016.srcs/sources_1/bd/Ethernet/ipshared/57b4/hdl/axi_sg_v4_1_rfs.vhd:16506]
INFO: [Synth 8-638] synthesizing module 'axi_sg_wr_status_cntl' [c:/Users/Tmicro 2/Desktop/JcTFG/ZynqEthernetCamera_2016/ZynqEthernetCamera_2016.srcs/sources_1/bd/Ethernet/ipshared/57b4/hdl/axi_sg_v4_1_rfs.vhd:13563]
INFO: [Synth 8-638] synthesizing module 'axi_sg_fifo__parameterized2' [c:/Users/Tmicro 2/Desktop/JcTFG/ZynqEthernetCamera_2016/ZynqEthernetCamera_2016.srcs/sources_1/bd/Ethernet/ipshared/57b4/hdl/axi_sg_v4_1_rfs.vhd:1883]
INFO: [Synth 8-638] synthesizing module 'srl_fifo_f__parameterized0' [c:/Users/Tmicro 2/Desktop/JcTFG/ZynqEthernetCamera_2016/ZynqEthernetCamera_2016.srcs/sources_1/bd/Ethernet/ipshared/6039/hdl/lib_srl_fifo_v1_0_rfs.vhd:1000]
INFO: [Synth 8-638] synthesizing module 'srl_fifo_rbu_f__parameterized0' [c:/Users/Tmicro 2/Desktop/JcTFG/ZynqEthernetCamera_2016/ZynqEthernetCamera_2016.srcs/sources_1/bd/Ethernet/ipshared/6039/hdl/lib_srl_fifo_v1_0_rfs.vhd:697]
INFO: [Synth 8-638] synthesizing module 'cntr_incr_decr_addn_f__parameterized0' [c:/Users/Tmicro 2/Desktop/JcTFG/ZynqEthernetCamera_2016/ZynqEthernetCamera_2016.srcs/sources_1/bd/Ethernet/ipshared/6039/hdl/lib_srl_fifo_v1_0_rfs.vhd:143]
INFO: [Synth 8-256] done synthesizing module 'cntr_incr_decr_addn_f__parameterized0' (50#1) [c:/Users/Tmicro 2/Desktop/JcTFG/ZynqEthernetCamera_2016/ZynqEthernetCamera_2016.srcs/sources_1/bd/Ethernet/ipshared/6039/hdl/lib_srl_fifo_v1_0_rfs.vhd:143]
INFO: [Synth 8-638] synthesizing module 'dynshreg_f__parameterized0' [c:/Users/Tmicro 2/Desktop/JcTFG/ZynqEthernetCamera_2016/ZynqEthernetCamera_2016.srcs/sources_1/bd/Ethernet/ipshared/6039/hdl/lib_srl_fifo_v1_0_rfs.vhd:397]
INFO: [Synth 8-256] done synthesizing module 'dynshreg_f__parameterized0' (50#1) [c:/Users/Tmicro 2/Desktop/JcTFG/ZynqEthernetCamera_2016/ZynqEthernetCamera_2016.srcs/sources_1/bd/Ethernet/ipshared/6039/hdl/lib_srl_fifo_v1_0_rfs.vhd:397]
INFO: [Synth 8-256] done synthesizing module 'srl_fifo_rbu_f__parameterized0' (50#1) [c:/Users/Tmicro 2/Desktop/JcTFG/ZynqEthernetCamera_2016/ZynqEthernetCamera_2016.srcs/sources_1/bd/Ethernet/ipshared/6039/hdl/lib_srl_fifo_v1_0_rfs.vhd:697]
INFO: [Synth 8-256] done synthesizing module 'srl_fifo_f__parameterized0' (50#1) [c:/Users/Tmicro 2/Desktop/JcTFG/ZynqEthernetCamera_2016/ZynqEthernetCamera_2016.srcs/sources_1/bd/Ethernet/ipshared/6039/hdl/lib_srl_fifo_v1_0_rfs.vhd:1000]
INFO: [Synth 8-256] done synthesizing module 'axi_sg_fifo__parameterized2' (50#1) [c:/Users/Tmicro 2/Desktop/JcTFG/ZynqEthernetCamera_2016/ZynqEthernetCamera_2016.srcs/sources_1/bd/Ethernet/ipshared/57b4/hdl/axi_sg_v4_1_rfs.vhd:1883]
INFO: [Synth 8-638] synthesizing module 'axi_sg_fifo__parameterized3' [c:/Users/Tmicro 2/Desktop/JcTFG/ZynqEthernetCamera_2016/ZynqEthernetCamera_2016.srcs/sources_1/bd/Ethernet/ipshared/57b4/hdl/axi_sg_v4_1_rfs.vhd:1883]
INFO: [Synth 8-638] synthesizing module 'srl_fifo_f__parameterized1' [c:/Users/Tmicro 2/Desktop/JcTFG/ZynqEthernetCamera_2016/ZynqEthernetCamera_2016.srcs/sources_1/bd/Ethernet/ipshared/6039/hdl/lib_srl_fifo_v1_0_rfs.vhd:1000]
INFO: [Synth 8-638] synthesizing module 'srl_fifo_rbu_f__parameterized1' [c:/Users/Tmicro 2/Desktop/JcTFG/ZynqEthernetCamera_2016/ZynqEthernetCamera_2016.srcs/sources_1/bd/Ethernet/ipshared/6039/hdl/lib_srl_fifo_v1_0_rfs.vhd:697]
INFO: [Synth 8-638] synthesizing module 'cntr_incr_decr_addn_f__parameterized1' [c:/Users/Tmicro 2/Desktop/JcTFG/ZynqEthernetCamera_2016/ZynqEthernetCamera_2016.srcs/sources_1/bd/Ethernet/ipshared/6039/hdl/lib_srl_fifo_v1_0_rfs.vhd:143]
INFO: [Synth 8-256] done synthesizing module 'cntr_incr_decr_addn_f__parameterized1' (50#1) [c:/Users/Tmicro 2/Desktop/JcTFG/ZynqEthernetCamera_2016/ZynqEthernetCamera_2016.srcs/sources_1/bd/Ethernet/ipshared/6039/hdl/lib_srl_fifo_v1_0_rfs.vhd:143]
INFO: [Synth 8-638] synthesizing module 'dynshreg_f__parameterized1' [c:/Users/Tmicro 2/Desktop/JcTFG/ZynqEthernetCamera_2016/ZynqEthernetCamera_2016.srcs/sources_1/bd/Ethernet/ipshared/6039/hdl/lib_srl_fifo_v1_0_rfs.vhd:397]
INFO: [Synth 8-256] done synthesizing module 'dynshreg_f__parameterized1' (50#1) [c:/Users/Tmicro 2/Desktop/JcTFG/ZynqEthernetCamera_2016/ZynqEthernetCamera_2016.srcs/sources_1/bd/Ethernet/ipshared/6039/hdl/lib_srl_fifo_v1_0_rfs.vhd:397]
INFO: [Synth 8-256] done synthesizing module 'srl_fifo_rbu_f__parameterized1' (50#1) [c:/Users/Tmicro 2/Desktop/JcTFG/ZynqEthernetCamera_2016/ZynqEthernetCamera_2016.srcs/sources_1/bd/Ethernet/ipshared/6039/hdl/lib_srl_fifo_v1_0_rfs.vhd:697]
INFO: [Synth 8-256] done synthesizing module 'srl_fifo_f__parameterized1' (50#1) [c:/Users/Tmicro 2/Desktop/JcTFG/ZynqEthernetCamera_2016/ZynqEthernetCamera_2016.srcs/sources_1/bd/Ethernet/ipshared/6039/hdl/lib_srl_fifo_v1_0_rfs.vhd:1000]
INFO: [Synth 8-256] done synthesizing module 'axi_sg_fifo__parameterized3' (50#1) [c:/Users/Tmicro 2/Desktop/JcTFG/ZynqEthernetCamera_2016/ZynqEthernetCamera_2016.srcs/sources_1/bd/Ethernet/ipshared/57b4/hdl/axi_sg_v4_1_rfs.vhd:1883]
INFO: [Synth 8-256] done synthesizing module 'axi_sg_wr_status_cntl' (51#1) [c:/Users/Tmicro 2/Desktop/JcTFG/ZynqEthernetCamera_2016/ZynqEthernetCamera_2016.srcs/sources_1/bd/Ethernet/ipshared/57b4/hdl/axi_sg_v4_1_rfs.vhd:13563]
INFO: [Synth 8-638] synthesizing module 'axi_sg_scc_wr' [c:/Users/Tmicro 2/Desktop/JcTFG/ZynqEthernetCamera_2016/ZynqEthernetCamera_2016.srcs/sources_1/bd/Ethernet/ipshared/57b4/hdl/axi_sg_v4_1_rfs.vhd:9822]
INFO: [Synth 8-256] done synthesizing module 'axi_sg_scc_wr' (52#1) [c:/Users/Tmicro 2/Desktop/JcTFG/ZynqEthernetCamera_2016/ZynqEthernetCamera_2016.srcs/sources_1/bd/Ethernet/ipshared/57b4/hdl/axi_sg_v4_1_rfs.vhd:9822]
INFO: [Synth 8-638] synthesizing module 'axi_sg_addr_cntl__parameterized0' [c:/Users/Tmicro 2/Desktop/JcTFG/ZynqEthernetCamera_2016/ZynqEthernetCamera_2016.srcs/sources_1/bd/Ethernet/ipshared/57b4/hdl/axi_sg_v4_1_rfs.vhd:4548]
INFO: [Synth 8-256] done synthesizing module 'axi_sg_addr_cntl__parameterized0' (52#1) [c:/Users/Tmicro 2/Desktop/JcTFG/ZynqEthernetCamera_2016/ZynqEthernetCamera_2016.srcs/sources_1/bd/Ethernet/ipshared/57b4/hdl/axi_sg_v4_1_rfs.vhd:4548]
INFO: [Synth 8-638] synthesizing module 'axi_sg_wrdata_cntl' [c:/Users/Tmicro 2/Desktop/JcTFG/ZynqEthernetCamera_2016/ZynqEthernetCamera_2016.srcs/sources_1/bd/Ethernet/ipshared/57b4/hdl/axi_sg_v4_1_rfs.vhd:11526]
INFO: [Synth 8-256] done synthesizing module 'axi_sg_wrdata_cntl' (53#1) [c:/Users/Tmicro 2/Desktop/JcTFG/ZynqEthernetCamera_2016/ZynqEthernetCamera_2016.srcs/sources_1/bd/Ethernet/ipshared/57b4/hdl/axi_sg_v4_1_rfs.vhd:11526]
INFO: [Synth 8-256] done synthesizing module 'axi_sg_s2mm_basic_wrap' (54#1) [c:/Users/Tmicro 2/Desktop/JcTFG/ZynqEthernetCamera_2016/ZynqEthernetCamera_2016.srcs/sources_1/bd/Ethernet/ipshared/57b4/hdl/axi_sg_v4_1_rfs.vhd:16506]
INFO: [Synth 8-256] done synthesizing module 'axi_sg_datamover' (55#1) [c:/Users/Tmicro 2/Desktop/JcTFG/ZynqEthernetCamera_2016/ZynqEthernetCamera_2016.srcs/sources_1/bd/Ethernet/ipshared/57b4/hdl/axi_sg_v4_1_rfs.vhd:17737]
INFO: [Synth 8-256] done synthesizing module 'axi_sg' (56#1) [c:/Users/Tmicro 2/Desktop/JcTFG/ZynqEthernetCamera_2016/ZynqEthernetCamera_2016.srcs/sources_1/bd/Ethernet/ipshared/57b4/hdl/axi_sg_v4_1_rfs.vhd:28736]
INFO: [Synth 8-638] synthesizing module 'axi_dma_mm2s_mngr' [c:/Users/Tmicro 2/Desktop/JcTFG/ZynqEthernetCamera_2016/ZynqEthernetCamera_2016.srcs/sources_1/bd/Ethernet/ipshared/a41f/hdl/axi_dma_v7_1_vh_rfs.vhd:14884]
INFO: [Synth 8-638] synthesizing module 'axi_dma_mm2s_sm' [c:/Users/Tmicro 2/Desktop/JcTFG/ZynqEthernetCamera_2016/ZynqEthernetCamera_2016.srcs/sources_1/bd/Ethernet/ipshared/a41f/hdl/axi_dma_v7_1_vh_rfs.vhd:13076]
INFO: [Synth 8-256] done synthesizing module 'axi_dma_mm2s_sm' (57#1) [c:/Users/Tmicro 2/Desktop/JcTFG/ZynqEthernetCamera_2016/ZynqEthernetCamera_2016.srcs/sources_1/bd/Ethernet/ipshared/a41f/hdl/axi_dma_v7_1_vh_rfs.vhd:13076]
INFO: [Synth 8-638] synthesizing module 'axi_dma_mm2s_sg_if' [c:/Users/Tmicro 2/Desktop/JcTFG/ZynqEthernetCamera_2016/ZynqEthernetCamera_2016.srcs/sources_1/bd/Ethernet/ipshared/a41f/hdl/axi_dma_v7_1_vh_rfs.vhd:12158]
INFO: [Synth 8-638] synthesizing module 'srl_fifo_f__parameterized2' [c:/Users/Tmicro 2/Desktop/JcTFG/ZynqEthernetCamera_2016/ZynqEthernetCamera_2016.srcs/sources_1/bd/Ethernet/ipshared/6039/hdl/lib_srl_fifo_v1_0_rfs.vhd:1000]
INFO: [Synth 8-638] synthesizing module 'srl_fifo_rbu_f__parameterized2' [c:/Users/Tmicro 2/Desktop/JcTFG/ZynqEthernetCamera_2016/ZynqEthernetCamera_2016.srcs/sources_1/bd/Ethernet/ipshared/6039/hdl/lib_srl_fifo_v1_0_rfs.vhd:697]
INFO: [Synth 8-638] synthesizing module 'dynshreg_f__parameterized2' [c:/Users/Tmicro 2/Desktop/JcTFG/ZynqEthernetCamera_2016/ZynqEthernetCamera_2016.srcs/sources_1/bd/Ethernet/ipshared/6039/hdl/lib_srl_fifo_v1_0_rfs.vhd:397]
INFO: [Synth 8-256] done synthesizing module 'dynshreg_f__parameterized2' (57#1) [c:/Users/Tmicro 2/Desktop/JcTFG/ZynqEthernetCamera_2016/ZynqEthernetCamera_2016.srcs/sources_1/bd/Ethernet/ipshared/6039/hdl/lib_srl_fifo_v1_0_rfs.vhd:397]
INFO: [Synth 8-256] done synthesizing module 'srl_fifo_rbu_f__parameterized2' (57#1) [c:/Users/Tmicro 2/Desktop/JcTFG/ZynqEthernetCamera_2016/ZynqEthernetCamera_2016.srcs/sources_1/bd/Ethernet/ipshared/6039/hdl/lib_srl_fifo_v1_0_rfs.vhd:697]
INFO: [Synth 8-256] done synthesizing module 'srl_fifo_f__parameterized2' (57#1) [c:/Users/Tmicro 2/Desktop/JcTFG/ZynqEthernetCamera_2016/ZynqEthernetCamera_2016.srcs/sources_1/bd/Ethernet/ipshared/6039/hdl/lib_srl_fifo_v1_0_rfs.vhd:1000]
INFO: [Synth 8-256] done synthesizing module 'axi_dma_mm2s_sg_if' (58#1) [c:/Users/Tmicro 2/Desktop/JcTFG/ZynqEthernetCamera_2016/ZynqEthernetCamera_2016.srcs/sources_1/bd/Ethernet/ipshared/a41f/hdl/axi_dma_v7_1_vh_rfs.vhd:12158]
INFO: [Synth 8-638] synthesizing module 'axi_dma_mm2s_cmdsts_if' [c:/Users/Tmicro 2/Desktop/JcTFG/ZynqEthernetCamera_2016/ZynqEthernetCamera_2016.srcs/sources_1/bd/Ethernet/ipshared/a41f/hdl/axi_dma_v7_1_vh_rfs.vhd:13668]
INFO: [Synth 8-256] done synthesizing module 'axi_dma_mm2s_cmdsts_if' (59#1) [c:/Users/Tmicro 2/Desktop/JcTFG/ZynqEthernetCamera_2016/ZynqEthernetCamera_2016.srcs/sources_1/bd/Ethernet/ipshared/a41f/hdl/axi_dma_v7_1_vh_rfs.vhd:13668]
INFO: [Synth 8-638] synthesizing module 'axi_dma_mm2s_sts_mngr' [c:/Users/Tmicro 2/Desktop/JcTFG/ZynqEthernetCamera_2016/ZynqEthernetCamera_2016.srcs/sources_1/bd/Ethernet/ipshared/a41f/hdl/axi_dma_v7_1_vh_rfs.vhd:13983]
INFO: [Synth 8-256] done synthesizing module 'axi_dma_mm2s_sts_mngr' (60#1) [c:/Users/Tmicro 2/Desktop/JcTFG/ZynqEthernetCamera_2016/ZynqEthernetCamera_2016.srcs/sources_1/bd/Ethernet/ipshared/a41f/hdl/axi_dma_v7_1_vh_rfs.vhd:13983]
INFO: [Synth 8-256] done synthesizing module 'axi_dma_mm2s_mngr' (61#1) [c:/Users/Tmicro 2/Desktop/JcTFG/ZynqEthernetCamera_2016/ZynqEthernetCamera_2016.srcs/sources_1/bd/Ethernet/ipshared/a41f/hdl/axi_dma_v7_1_vh_rfs.vhd:14884]
INFO: [Synth 8-638] synthesizing module 'axi_dma_sofeof_gen' [c:/Users/Tmicro 2/Desktop/JcTFG/ZynqEthernetCamera_2016/ZynqEthernetCamera_2016.srcs/sources_1/bd/Ethernet/ipshared/a41f/hdl/axi_dma_v7_1_vh_rfs.vhd:11155]
INFO: [Synth 8-256] done synthesizing module 'axi_dma_sofeof_gen' (62#1) [c:/Users/Tmicro 2/Desktop/JcTFG/ZynqEthernetCamera_2016/ZynqEthernetCamera_2016.srcs/sources_1/bd/Ethernet/ipshared/a41f/hdl/axi_dma_v7_1_vh_rfs.vhd:11155]
INFO: [Synth 8-638] synthesizing module 'axi_dma_s2mm_mngr' [c:/Users/Tmicro 2/Desktop/JcTFG/ZynqEthernetCamera_2016/ZynqEthernetCamera_2016.srcs/sources_1/bd/Ethernet/ipshared/a41f/hdl/axi_dma_v7_1_vh_rfs.vhd:20222]
INFO: [Synth 8-638] synthesizing module 'axi_dma_s2mm_sm' [c:/Users/Tmicro 2/Desktop/JcTFG/ZynqEthernetCamera_2016/ZynqEthernetCamera_2016.srcs/sources_1/bd/Ethernet/ipshared/a41f/hdl/axi_dma_v7_1_vh_rfs.vhd:17440]
INFO: [Synth 8-256] done synthesizing module 'axi_dma_s2mm_sm' (63#1) [c:/Users/Tmicro 2/Desktop/JcTFG/ZynqEthernetCamera_2016/ZynqEthernetCamera_2016.srcs/sources_1/bd/Ethernet/ipshared/a41f/hdl/axi_dma_v7_1_vh_rfs.vhd:17440]
INFO: [Synth 8-638] synthesizing module 'axi_dma_s2mm_sg_if' [c:/Users/Tmicro 2/Desktop/JcTFG/ZynqEthernetCamera_2016/ZynqEthernetCamera_2016.srcs/sources_1/bd/Ethernet/ipshared/a41f/hdl/axi_dma_v7_1_vh_rfs.vhd:15839]
INFO: [Synth 8-638] synthesizing module 'srl_fifo_f__parameterized3' [c:/Users/Tmicro 2/Desktop/JcTFG/ZynqEthernetCamera_2016/ZynqEthernetCamera_2016.srcs/sources_1/bd/Ethernet/ipshared/6039/hdl/lib_srl_fifo_v1_0_rfs.vhd:1000]
INFO: [Synth 8-638] synthesizing module 'srl_fifo_rbu_f__parameterized3' [c:/Users/Tmicro 2/Desktop/JcTFG/ZynqEthernetCamera_2016/ZynqEthernetCamera_2016.srcs/sources_1/bd/Ethernet/ipshared/6039/hdl/lib_srl_fifo_v1_0_rfs.vhd:697]
INFO: [Synth 8-638] synthesizing module 'dynshreg_f__parameterized3' [c:/Users/Tmicro 2/Desktop/JcTFG/ZynqEthernetCamera_2016/ZynqEthernetCamera_2016.srcs/sources_1/bd/Ethernet/ipshared/6039/hdl/lib_srl_fifo_v1_0_rfs.vhd:397]
INFO: [Synth 8-256] done synthesizing module 'dynshreg_f__parameterized3' (63#1) [c:/Users/Tmicro 2/Desktop/JcTFG/ZynqEthernetCamera_2016/ZynqEthernetCamera_2016.srcs/sources_1/bd/Ethernet/ipshared/6039/hdl/lib_srl_fifo_v1_0_rfs.vhd:397]
INFO: [Synth 8-256] done synthesizing module 'srl_fifo_rbu_f__parameterized3' (63#1) [c:/Users/Tmicro 2/Desktop/JcTFG/ZynqEthernetCamera_2016/ZynqEthernetCamera_2016.srcs/sources_1/bd/Ethernet/ipshared/6039/hdl/lib_srl_fifo_v1_0_rfs.vhd:697]
INFO: [Synth 8-256] done synthesizing module 'srl_fifo_f__parameterized3' (63#1) [c:/Users/Tmicro 2/Desktop/JcTFG/ZynqEthernetCamera_2016/ZynqEthernetCamera_2016.srcs/sources_1/bd/Ethernet/ipshared/6039/hdl/lib_srl_fifo_v1_0_rfs.vhd:1000]
INFO: [Synth 8-256] done synthesizing module 'axi_dma_s2mm_sg_if' (64#1) [c:/Users/Tmicro 2/Desktop/JcTFG/ZynqEthernetCamera_2016/ZynqEthernetCamera_2016.srcs/sources_1/bd/Ethernet/ipshared/a41f/hdl/axi_dma_v7_1_vh_rfs.vhd:15839]
INFO: [Synth 8-638] synthesizing module 'axi_dma_s2mm_cmdsts_if' [c:/Users/Tmicro 2/Desktop/JcTFG/ZynqEthernetCamera_2016/ZynqEthernetCamera_2016.srcs/sources_1/bd/Ethernet/ipshared/a41f/hdl/axi_dma_v7_1_vh_rfs.vhd:18487]
INFO: [Synth 8-256] done synthesizing module 'axi_dma_s2mm_cmdsts_if' (65#1) [c:/Users/Tmicro 2/Desktop/JcTFG/ZynqEthernetCamera_2016/ZynqEthernetCamera_2016.srcs/sources_1/bd/Ethernet/ipshared/a41f/hdl/axi_dma_v7_1_vh_rfs.vhd:18487]
INFO: [Synth 8-638] synthesizing module 'axi_dma_s2mm_sts_mngr' [c:/Users/Tmicro 2/Desktop/JcTFG/ZynqEthernetCamera_2016/ZynqEthernetCamera_2016.srcs/sources_1/bd/Ethernet/ipshared/a41f/hdl/axi_dma_v7_1_vh_rfs.vhd:18917]
INFO: [Synth 8-256] done synthesizing module 'axi_dma_s2mm_sts_mngr' (66#1) [c:/Users/Tmicro 2/Desktop/JcTFG/ZynqEthernetCamera_2016/ZynqEthernetCamera_2016.srcs/sources_1/bd/Ethernet/ipshared/a41f/hdl/axi_dma_v7_1_vh_rfs.vhd:18917]
INFO: [Synth 8-638] synthesizing module 'axi_dma_s2mm_sts_strm' [c:/Users/Tmicro 2/Desktop/JcTFG/ZynqEthernetCamera_2016/ZynqEthernetCamera_2016.srcs/sources_1/bd/Ethernet/ipshared/a41f/hdl/axi_dma_v7_1_vh_rfs.vhd:19219]
INFO: [Synth 8-638] synthesizing module 'srl_fifo_f__parameterized4' [c:/Users/Tmicro 2/Desktop/JcTFG/ZynqEthernetCamera_2016/ZynqEthernetCamera_2016.srcs/sources_1/bd/Ethernet/ipshared/6039/hdl/lib_srl_fifo_v1_0_rfs.vhd:1000]
INFO: [Synth 8-638] synthesizing module 'srl_fifo_rbu_f__parameterized4' [c:/Users/Tmicro 2/Desktop/JcTFG/ZynqEthernetCamera_2016/ZynqEthernetCamera_2016.srcs/sources_1/bd/Ethernet/ipshared/6039/hdl/lib_srl_fifo_v1_0_rfs.vhd:697]
INFO: [Synth 8-638] synthesizing module 'dynshreg_f__parameterized4' [c:/Users/Tmicro 2/Desktop/JcTFG/ZynqEthernetCamera_2016/ZynqEthernetCamera_2016.srcs/sources_1/bd/Ethernet/ipshared/6039/hdl/lib_srl_fifo_v1_0_rfs.vhd:397]
INFO: [Synth 8-256] done synthesizing module 'dynshreg_f__parameterized4' (66#1) [c:/Users/Tmicro 2/Desktop/JcTFG/ZynqEthernetCamera_2016/ZynqEthernetCamera_2016.srcs/sources_1/bd/Ethernet/ipshared/6039/hdl/lib_srl_fifo_v1_0_rfs.vhd:397]
INFO: [Synth 8-256] done synthesizing module 'srl_fifo_rbu_f__parameterized4' (66#1) [c:/Users/Tmicro 2/Desktop/JcTFG/ZynqEthernetCamera_2016/ZynqEthernetCamera_2016.srcs/sources_1/bd/Ethernet/ipshared/6039/hdl/lib_srl_fifo_v1_0_rfs.vhd:697]
INFO: [Synth 8-256] done synthesizing module 'srl_fifo_f__parameterized4' (66#1) [c:/Users/Tmicro 2/Desktop/JcTFG/ZynqEthernetCamera_2016/ZynqEthernetCamera_2016.srcs/sources_1/bd/Ethernet/ipshared/6039/hdl/lib_srl_fifo_v1_0_rfs.vhd:1000]
INFO: [Synth 8-256] done synthesizing module 'axi_dma_s2mm_sts_strm' (67#1) [c:/Users/Tmicro 2/Desktop/JcTFG/ZynqEthernetCamera_2016/ZynqEthernetCamera_2016.srcs/sources_1/bd/Ethernet/ipshared/a41f/hdl/axi_dma_v7_1_vh_rfs.vhd:19219]
INFO: [Synth 8-256] done synthesizing module 'axi_dma_s2mm_mngr' (68#1) [c:/Users/Tmicro 2/Desktop/JcTFG/ZynqEthernetCamera_2016/ZynqEthernetCamera_2016.srcs/sources_1/bd/Ethernet/ipshared/a41f/hdl/axi_dma_v7_1_vh_rfs.vhd:20222]
INFO: [Synth 8-638] synthesizing module 'axi_datamover' [c:/Users/Tmicro 2/Desktop/JcTFG/ZynqEthernetCamera_2016/ZynqEthernetCamera_2016.srcs/sources_1/bd/Ethernet/ipshared/1cd0/hdl/axi_datamover_v5_1_vh_rfs.vhd:48516]
INFO: [Synth 8-638] synthesizing module 'axi_datamover_mm2s_full_wrap' [c:/Users/Tmicro 2/Desktop/JcTFG/ZynqEthernetCamera_2016/ZynqEthernetCamera_2016.srcs/sources_1/bd/Ethernet/ipshared/1cd0/hdl/axi_datamover_v5_1_vh_rfs.vhd:46666]
INFO: [Synth 8-638] synthesizing module 'axi_datamover_reset' [c:/Users/Tmicro 2/Desktop/JcTFG/ZynqEthernetCamera_2016/ZynqEthernetCamera_2016.srcs/sources_1/bd/Ethernet/ipshared/1cd0/hdl/axi_datamover_v5_1_vh_rfs.vhd:153]
INFO: [Synth 8-256] done synthesizing module 'axi_datamover_reset' (69#1) [c:/Users/Tmicro 2/Desktop/JcTFG/ZynqEthernetCamera_2016/ZynqEthernetCamera_2016.srcs/sources_1/bd/Ethernet/ipshared/1cd0/hdl/axi_datamover_v5_1_vh_rfs.vhd:153]
INFO: [Synth 8-638] synthesizing module 'axi_datamover_cmd_status' [c:/Users/Tmicro 2/Desktop/JcTFG/ZynqEthernetCamera_2016/ZynqEthernetCamera_2016.srcs/sources_1/bd/Ethernet/ipshared/1cd0/hdl/axi_datamover_v5_1_vh_rfs.vhd:2693]
INFO: [Synth 8-638] synthesizing module 'axi_datamover_fifo' [c:/Users/Tmicro 2/Desktop/JcTFG/ZynqEthernetCamera_2016/ZynqEthernetCamera_2016.srcs/sources_1/bd/Ethernet/ipshared/1cd0/hdl/axi_datamover_v5_1_vh_rfs.vhd:1881]
INFO: [Synth 8-256] done synthesizing module 'axi_datamover_fifo' (70#1) [c:/Users/Tmicro 2/Desktop/JcTFG/ZynqEthernetCamera_2016/ZynqEthernetCamera_2016.srcs/sources_1/bd/Ethernet/ipshared/1cd0/hdl/axi_datamover_v5_1_vh_rfs.vhd:1881]
INFO: [Synth 8-638] synthesizing module 'axi_datamover_fifo__parameterized0' [c:/Users/Tmicro 2/Desktop/JcTFG/ZynqEthernetCamera_2016/ZynqEthernetCamera_2016.srcs/sources_1/bd/Ethernet/ipshared/1cd0/hdl/axi_datamover_v5_1_vh_rfs.vhd:1881]
INFO: [Synth 8-256] done synthesizing module 'axi_datamover_fifo__parameterized0' (70#1) [c:/Users/Tmicro 2/Desktop/JcTFG/ZynqEthernetCamera_2016/ZynqEthernetCamera_2016.srcs/sources_1/bd/Ethernet/ipshared/1cd0/hdl/axi_datamover_v5_1_vh_rfs.vhd:1881]
INFO: [Synth 8-256] done synthesizing module 'axi_datamover_cmd_status' (71#1) [c:/Users/Tmicro 2/Desktop/JcTFG/ZynqEthernetCamera_2016/ZynqEthernetCamera_2016.srcs/sources_1/bd/Ethernet/ipshared/1cd0/hdl/axi_datamover_v5_1_vh_rfs.vhd:2693]
INFO: [Synth 8-638] synthesizing module 'axi_datamover_rd_status_cntl' [c:/Users/Tmicro 2/Desktop/JcTFG/ZynqEthernetCamera_2016/ZynqEthernetCamera_2016.srcs/sources_1/bd/Ethernet/ipshared/1cd0/hdl/axi_datamover_v5_1_vh_rfs.vhd:13741]
INFO: [Synth 8-256] done synthesizing module 'axi_datamover_rd_status_cntl' (72#1) [c:/Users/Tmicro 2/Desktop/JcTFG/ZynqEthernetCamera_2016/ZynqEthernetCamera_2016.srcs/sources_1/bd/Ethernet/ipshared/1cd0/hdl/axi_datamover_v5_1_vh_rfs.vhd:13741]
INFO: [Synth 8-638] synthesizing module 'axi_datamover_pcc' [c:/Users/Tmicro 2/Desktop/JcTFG/ZynqEthernetCamera_2016/ZynqEthernetCamera_2016.srcs/sources_1/bd/Ethernet/ipshared/1cd0/hdl/axi_datamover_v5_1_vh_rfs.vhd:7411]
INFO: [Synth 8-638] synthesizing module 'axi_datamover_strb_gen2' [c:/Users/Tmicro 2/Desktop/JcTFG/ZynqEthernetCamera_2016/ZynqEthernetCamera_2016.srcs/sources_1/bd/Ethernet/ipshared/1cd0/hdl/axi_datamover_v5_1_vh_rfs.vhd:4337]
INFO: [Synth 8-256] done synthesizing module 'axi_datamover_strb_gen2' (73#1) [c:/Users/Tmicro 2/Desktop/JcTFG/ZynqEthernetCamera_2016/ZynqEthernetCamera_2016.srcs/sources_1/bd/Ethernet/ipshared/1cd0/hdl/axi_datamover_v5_1_vh_rfs.vhd:4337]
INFO: [Synth 8-638] synthesizing module 'axi_datamover_strb_gen2__parameterized0' [c:/Users/Tmicro 2/Desktop/JcTFG/ZynqEthernetCamera_2016/ZynqEthernetCamera_2016.srcs/sources_1/bd/Ethernet/ipshared/1cd0/hdl/axi_datamover_v5_1_vh_rfs.vhd:4337]
INFO: [Synth 8-256] done synthesizing module 'axi_datamover_strb_gen2__parameterized0' (73#1) [c:/Users/Tmicro 2/Desktop/JcTFG/ZynqEthernetCamera_2016/ZynqEthernetCamera_2016.srcs/sources_1/bd/Ethernet/ipshared/1cd0/hdl/axi_datamover_v5_1_vh_rfs.vhd:4337]
INFO: [Synth 8-256] done synthesizing module 'axi_datamover_pcc' (74#1) [c:/Users/Tmicro 2/Desktop/JcTFG/ZynqEthernetCamera_2016/ZynqEthernetCamera_2016.srcs/sources_1/bd/Ethernet/ipshared/1cd0/hdl/axi_datamover_v5_1_vh_rfs.vhd:7411]
INFO: [Synth 8-638] synthesizing module 'axi_datamover_addr_cntl' [c:/Users/Tmicro 2/Desktop/JcTFG/ZynqEthernetCamera_2016/ZynqEthernetCamera_2016.srcs/sources_1/bd/Ethernet/ipshared/1cd0/hdl/axi_datamover_v5_1_vh_rfs.vhd:9995]
INFO: [Synth 8-638] synthesizing module 'axi_datamover_fifo__parameterized1' [c:/Users/Tmicro 2/Desktop/JcTFG/ZynqEthernetCamera_2016/ZynqEthernetCamera_2016.srcs/sources_1/bd/Ethernet/ipshared/1cd0/hdl/axi_datamover_v5_1_vh_rfs.vhd:1881]
INFO: [Synth 8-638] synthesizing module 'srl_fifo_f__parameterized5' [c:/Users/Tmicro 2/Desktop/JcTFG/ZynqEthernetCamera_2016/ZynqEthernetCamera_2016.srcs/sources_1/bd/Ethernet/ipshared/6039/hdl/lib_srl_fifo_v1_0_rfs.vhd:1000]
INFO: [Synth 8-638] synthesizing module 'srl_fifo_rbu_f__parameterized5' [c:/Users/Tmicro 2/Desktop/JcTFG/ZynqEthernetCamera_2016/ZynqEthernetCamera_2016.srcs/sources_1/bd/Ethernet/ipshared/6039/hdl/lib_srl_fifo_v1_0_rfs.vhd:697]
INFO: [Synth 8-638] synthesizing module 'cntr_incr_decr_addn_f__parameterized2' [c:/Users/Tmicro 2/Desktop/JcTFG/ZynqEthernetCamera_2016/ZynqEthernetCamera_2016.srcs/sources_1/bd/Ethernet/ipshared/6039/hdl/lib_srl_fifo_v1_0_rfs.vhd:143]
INFO: [Synth 8-256] done synthesizing module 'cntr_incr_decr_addn_f__parameterized2' (74#1) [c:/Users/Tmicro 2/Desktop/JcTFG/ZynqEthernetCamera_2016/ZynqEthernetCamera_2016.srcs/sources_1/bd/Ethernet/ipshared/6039/hdl/lib_srl_fifo_v1_0_rfs.vhd:143]
INFO: [Synth 8-638] synthesizing module 'dynshreg_f__parameterized5' [c:/Users/Tmicro 2/Desktop/JcTFG/ZynqEthernetCamera_2016/ZynqEthernetCamera_2016.srcs/sources_1/bd/Ethernet/ipshared/6039/hdl/lib_srl_fifo_v1_0_rfs.vhd:397]
INFO: [Synth 8-256] done synthesizing module 'dynshreg_f__parameterized5' (74#1) [c:/Users/Tmicro 2/Desktop/JcTFG/ZynqEthernetCamera_2016/ZynqEthernetCamera_2016.srcs/sources_1/bd/Ethernet/ipshared/6039/hdl/lib_srl_fifo_v1_0_rfs.vhd:397]
INFO: [Synth 8-256] done synthesizing module 'srl_fifo_rbu_f__parameterized5' (74#1) [c:/Users/Tmicro 2/Desktop/JcTFG/ZynqEthernetCamera_2016/ZynqEthernetCamera_2016.srcs/sources_1/bd/Ethernet/ipshared/6039/hdl/lib_srl_fifo_v1_0_rfs.vhd:697]
INFO: [Synth 8-256] done synthesizing module 'srl_fifo_f__parameterized5' (74#1) [c:/Users/Tmicro 2/Desktop/JcTFG/ZynqEthernetCamera_2016/ZynqEthernetCamera_2016.srcs/sources_1/bd/Ethernet/ipshared/6039/hdl/lib_srl_fifo_v1_0_rfs.vhd:1000]
INFO: [Synth 8-256] done synthesizing module 'axi_datamover_fifo__parameterized1' (74#1) [c:/Users/Tmicro 2/Desktop/JcTFG/ZynqEthernetCamera_2016/ZynqEthernetCamera_2016.srcs/sources_1/bd/Ethernet/ipshared/1cd0/hdl/axi_datamover_v5_1_vh_rfs.vhd:1881]
INFO: [Synth 8-256] done synthesizing module 'axi_datamover_addr_cntl' (75#1) [c:/Users/Tmicro 2/Desktop/JcTFG/ZynqEthernetCamera_2016/ZynqEthernetCamera_2016.srcs/sources_1/bd/Ethernet/ipshared/1cd0/hdl/axi_datamover_v5_1_vh_rfs.vhd:9995]
INFO: [Synth 8-638] synthesizing module 'axi_datamover_rddata_cntl' [c:/Users/Tmicro 2/Desktop/JcTFG/ZynqEthernetCamera_2016/ZynqEthernetCamera_2016.srcs/sources_1/bd/Ethernet/ipshared/1cd0/hdl/axi_datamover_v5_1_vh_rfs.vhd:12180]
INFO: [Synth 8-638] synthesizing module 'axi_datamover_rdmux' [c:/Users/Tmicro 2/Desktop/JcTFG/ZynqEthernetCamera_2016/ZynqEthernetCamera_2016.srcs/sources_1/bd/Ethernet/ipshared/1cd0/hdl/axi_datamover_v5_1_vh_rfs.vhd:10676]
INFO: [Synth 8-256] done synthesizing module 'axi_datamover_rdmux' (76#1) [c:/Users/Tmicro 2/Desktop/JcTFG/ZynqEthernetCamera_2016/ZynqEthernetCamera_2016.srcs/sources_1/bd/Ethernet/ipshared/1cd0/hdl/axi_datamover_v5_1_vh_rfs.vhd:10676]
INFO: [Synth 8-638] synthesizing module 'axi_datamover_fifo__parameterized2' [c:/Users/Tmicro 2/Desktop/JcTFG/ZynqEthernetCamera_2016/ZynqEthernetCamera_2016.srcs/sources_1/bd/Ethernet/ipshared/1cd0/hdl/axi_datamover_v5_1_vh_rfs.vhd:1881]
INFO: [Synth 8-638] synthesizing module 'srl_fifo_f__parameterized6' [c:/Users/Tmicro 2/Desktop/JcTFG/ZynqEthernetCamera_2016/ZynqEthernetCamera_2016.srcs/sources_1/bd/Ethernet/ipshared/6039/hdl/lib_srl_fifo_v1_0_rfs.vhd:1000]
INFO: [Synth 8-638] synthesizing module 'srl_fifo_rbu_f__parameterized6' [c:/Users/Tmicro 2/Desktop/JcTFG/ZynqEthernetCamera_2016/ZynqEthernetCamera_2016.srcs/sources_1/bd/Ethernet/ipshared/6039/hdl/lib_srl_fifo_v1_0_rfs.vhd:697]
INFO: [Synth 8-638] synthesizing module 'cntr_incr_decr_addn_f__parameterized3' [c:/Users/Tmicro 2/Desktop/JcTFG/ZynqEthernetCamera_2016/ZynqEthernetCamera_2016.srcs/sources_1/bd/Ethernet/ipshared/6039/hdl/lib_srl_fifo_v1_0_rfs.vhd:143]
INFO: [Synth 8-256] done synthesizing module 'cntr_incr_decr_addn_f__parameterized3' (76#1) [c:/Users/Tmicro 2/Desktop/JcTFG/ZynqEthernetCamera_2016/ZynqEthernetCamera_2016.srcs/sources_1/bd/Ethernet/ipshared/6039/hdl/lib_srl_fifo_v1_0_rfs.vhd:143]
INFO: [Synth 8-638] synthesizing module 'dynshreg_f__parameterized6' [c:/Users/Tmicro 2/Desktop/JcTFG/ZynqEthernetCamera_2016/ZynqEthernetCamera_2016.srcs/sources_1/bd/Ethernet/ipshared/6039/hdl/lib_srl_fifo_v1_0_rfs.vhd:397]
INFO: [Synth 8-256] done synthesizing module 'dynshreg_f__parameterized6' (76#1) [c:/Users/Tmicro 2/Desktop/JcTFG/ZynqEthernetCamera_2016/ZynqEthernetCamera_2016.srcs/sources_1/bd/Ethernet/ipshared/6039/hdl/lib_srl_fifo_v1_0_rfs.vhd:397]
INFO: [Synth 8-256] done synthesizing module 'srl_fifo_rbu_f__parameterized6' (76#1) [c:/Users/Tmicro 2/Desktop/JcTFG/ZynqEthernetCamera_2016/ZynqEthernetCamera_2016.srcs/sources_1/bd/Ethernet/ipshared/6039/hdl/lib_srl_fifo_v1_0_rfs.vhd:697]
INFO: [Synth 8-256] done synthesizing module 'srl_fifo_f__parameterized6' (76#1) [c:/Users/Tmicro 2/Desktop/JcTFG/ZynqEthernetCamera_2016/ZynqEthernetCamera_2016.srcs/sources_1/bd/Ethernet/ipshared/6039/hdl/lib_srl_fifo_v1_0_rfs.vhd:1000]
INFO: [Synth 8-256] done synthesizing module 'axi_datamover_fifo__parameterized2' (76#1) [c:/Users/Tmicro 2/Desktop/JcTFG/ZynqEthernetCamera_2016/ZynqEthernetCamera_2016.srcs/sources_1/bd/Ethernet/ipshared/1cd0/hdl/axi_datamover_v5_1_vh_rfs.vhd:1881]
INFO: [Synth 8-256] done synthesizing module 'axi_datamover_rddata_cntl' (77#1) [c:/Users/Tmicro 2/Desktop/JcTFG/ZynqEthernetCamera_2016/ZynqEthernetCamera_2016.srcs/sources_1/bd/Ethernet/ipshared/1cd0/hdl/axi_datamover_v5_1_vh_rfs.vhd:12180]
INFO: [Synth 8-638] synthesizing module 'axi_datamover_rd_sf' [c:/Users/Tmicro 2/Desktop/JcTFG/ZynqEthernetCamera_2016/ZynqEthernetCamera_2016.srcs/sources_1/bd/Ethernet/ipshared/1cd0/hdl/axi_datamover_v5_1_vh_rfs.vhd:20200]
INFO: [Synth 8-638] synthesizing module 'axi_datamover_fifo__parameterized3' [c:/Users/Tmicro 2/Desktop/JcTFG/ZynqEthernetCamera_2016/ZynqEthernetCamera_2016.srcs/sources_1/bd/Ethernet/ipshared/1cd0/hdl/axi_datamover_v5_1_vh_rfs.vhd:1881]
INFO: [Synth 8-638] synthesizing module 'srl_fifo_f__parameterized7' [c:/Users/Tmicro 2/Desktop/JcTFG/ZynqEthernetCamera_2016/ZynqEthernetCamera_2016.srcs/sources_1/bd/Ethernet/ipshared/6039/hdl/lib_srl_fifo_v1_0_rfs.vhd:1000]
INFO: [Synth 8-638] synthesizing module 'srl_fifo_rbu_f__parameterized7' [c:/Users/Tmicro 2/Desktop/JcTFG/ZynqEthernetCamera_2016/ZynqEthernetCamera_2016.srcs/sources_1/bd/Ethernet/ipshared/6039/hdl/lib_srl_fifo_v1_0_rfs.vhd:697]
INFO: [Synth 8-638] synthesizing module 'cntr_incr_decr_addn_f__parameterized4' [c:/Users/Tmicro 2/Desktop/JcTFG/ZynqEthernetCamera_2016/ZynqEthernetCamera_2016.srcs/sources_1/bd/Ethernet/ipshared/6039/hdl/lib_srl_fifo_v1_0_rfs.vhd:143]
INFO: [Synth 8-256] done synthesizing module 'cntr_incr_decr_addn_f__parameterized4' (77#1) [c:/Users/Tmicro 2/Desktop/JcTFG/ZynqEthernetCamera_2016/ZynqEthernetCamera_2016.srcs/sources_1/bd/Ethernet/ipshared/6039/hdl/lib_srl_fifo_v1_0_rfs.vhd:143]
INFO: [Synth 8-638] synthesizing module 'dynshreg_f__parameterized7' [c:/Users/Tmicro 2/Desktop/JcTFG/ZynqEthernetCamera_2016/ZynqEthernetCamera_2016.srcs/sources_1/bd/Ethernet/ipshared/6039/hdl/lib_srl_fifo_v1_0_rfs.vhd:397]
INFO: [Synth 8-256] done synthesizing module 'dynshreg_f__parameterized7' (77#1) [c:/Users/Tmicro 2/Desktop/JcTFG/ZynqEthernetCamera_2016/ZynqEthernetCamera_2016.srcs/sources_1/bd/Ethernet/ipshared/6039/hdl/lib_srl_fifo_v1_0_rfs.vhd:397]
INFO: [Synth 8-256] done synthesizing module 'srl_fifo_rbu_f__parameterized7' (77#1) [c:/Users/Tmicro 2/Desktop/JcTFG/ZynqEthernetCamera_2016/ZynqEthernetCamera_2016.srcs/sources_1/bd/Ethernet/ipshared/6039/hdl/lib_srl_fifo_v1_0_rfs.vhd:697]
INFO: [Synth 8-256] done synthesizing module 'srl_fifo_f__parameterized7' (77#1) [c:/Users/Tmicro 2/Desktop/JcTFG/ZynqEthernetCamera_2016/ZynqEthernetCamera_2016.srcs/sources_1/bd/Ethernet/ipshared/6039/hdl/lib_srl_fifo_v1_0_rfs.vhd:1000]
INFO: [Synth 8-256] done synthesizing module 'axi_datamover_fifo__parameterized3' (77#1) [c:/Users/Tmicro 2/Desktop/JcTFG/ZynqEthernetCamera_2016/ZynqEthernetCamera_2016.srcs/sources_1/bd/Ethernet/ipshared/1cd0/hdl/axi_datamover_v5_1_vh_rfs.vhd:1881]
INFO: [Synth 8-638] synthesizing module 'axi_datamover_sfifo_autord' [c:/Users/Tmicro 2/Desktop/JcTFG/ZynqEthernetCamera_2016/ZynqEthernetCamera_2016.srcs/sources_1/bd/Ethernet/ipshared/1cd0/hdl/axi_datamover_v5_1_vh_rfs.vhd:1294]
INFO: [Synth 8-638] synthesizing module 'sync_fifo_fg__parameterized0' [c:/Users/Tmicro 2/Desktop/JcTFG/ZynqEthernetCamera_2016/ZynqEthernetCamera_2016.srcs/sources_1/bd/Ethernet/ipshared/61a7/hdl/lib_fifo_v1_0_rfs.vhd:2097]
INFO: [Synth 8-256] done synthesizing module 'sync_fifo_fg__parameterized0' (89#1) [c:/Users/Tmicro 2/Desktop/JcTFG/ZynqEthernetCamera_2016/ZynqEthernetCamera_2016.srcs/sources_1/bd/Ethernet/ipshared/61a7/hdl/lib_fifo_v1_0_rfs.vhd:2097]
INFO: [Synth 8-256] done synthesizing module 'axi_datamover_sfifo_autord' (90#1) [c:/Users/Tmicro 2/Desktop/JcTFG/ZynqEthernetCamera_2016/ZynqEthernetCamera_2016.srcs/sources_1/bd/Ethernet/ipshared/1cd0/hdl/axi_datamover_v5_1_vh_rfs.vhd:1294]
INFO: [Synth 8-256] done synthesizing module 'axi_datamover_rd_sf' (91#1) [c:/Users/Tmicro 2/Desktop/JcTFG/ZynqEthernetCamera_2016/ZynqEthernetCamera_2016.srcs/sources_1/bd/Ethernet/ipshared/1cd0/hdl/axi_datamover_v5_1_vh_rfs.vhd:20200]
INFO: [Synth 8-638] synthesizing module 'axi_datamover_mm2s_dre' [c:/Users/Tmicro 2/Desktop/JcTFG/ZynqEthernetCamera_2016/ZynqEthernetCamera_2016.srcs/sources_1/bd/Ethernet/ipshared/1cd0/hdl/axi_datamover_v5_1_vh_rfs.vhd:30455]
INFO: [Synth 8-638] synthesizing module 'axi_datamover_dre_mux2_1_x_n' [c:/Users/Tmicro 2/Desktop/JcTFG/ZynqEthernetCamera_2016/ZynqEthernetCamera_2016.srcs/sources_1/bd/Ethernet/ipshared/1cd0/hdl/axi_datamover_v5_1_vh_rfs.vhd:29942]
INFO: [Synth 8-256] done synthesizing module 'axi_datamover_dre_mux2_1_x_n' (92#1) [c:/Users/Tmicro 2/Desktop/JcTFG/ZynqEthernetCamera_2016/ZynqEthernetCamera_2016.srcs/sources_1/bd/Ethernet/ipshared/1cd0/hdl/axi_datamover_v5_1_vh_rfs.vhd:29942]
INFO: [Synth 8-638] synthesizing module 'axi_datamover_dre_mux4_1_x_n' [c:/Users/Tmicro 2/Desktop/JcTFG/ZynqEthernetCamera_2016/ZynqEthernetCamera_2016.srcs/sources_1/bd/Ethernet/ipshared/1cd0/hdl/axi_datamover_v5_1_vh_rfs.vhd:30089]
INFO: [Synth 8-256] done synthesizing module 'axi_datamover_dre_mux4_1_x_n' (93#1) [c:/Users/Tmicro 2/Desktop/JcTFG/ZynqEthernetCamera_2016/ZynqEthernetCamera_2016.srcs/sources_1/bd/Ethernet/ipshared/1cd0/hdl/axi_datamover_v5_1_vh_rfs.vhd:30089]
INFO: [Synth 8-256] done synthesizing module 'axi_datamover_mm2s_dre' (94#1) [c:/Users/Tmicro 2/Desktop/JcTFG/ZynqEthernetCamera_2016/ZynqEthernetCamera_2016.srcs/sources_1/bd/Ethernet/ipshared/1cd0/hdl/axi_datamover_v5_1_vh_rfs.vhd:30455]
INFO: [Synth 8-638] synthesizing module 'axi_datamover_skid_buf' [c:/Users/Tmicro 2/Desktop/JcTFG/ZynqEthernetCamera_2016/ZynqEthernetCamera_2016.srcs/sources_1/bd/Ethernet/ipshared/1cd0/hdl/axi_datamover_v5_1_vh_rfs.vhd:19492]
INFO: [Synth 8-256] done synthesizing module 'axi_datamover_skid_buf' (95#1) [c:/Users/Tmicro 2/Desktop/JcTFG/ZynqEthernetCamera_2016/ZynqEthernetCamera_2016.srcs/sources_1/bd/Ethernet/ipshared/1cd0/hdl/axi_datamover_v5_1_vh_rfs.vhd:19492]
INFO: [Synth 8-256] done synthesizing module 'axi_datamover_mm2s_full_wrap' (96#1) [c:/Users/Tmicro 2/Desktop/JcTFG/ZynqEthernetCamera_2016/ZynqEthernetCamera_2016.srcs/sources_1/bd/Ethernet/ipshared/1cd0/hdl/axi_datamover_v5_1_vh_rfs.vhd:46666]
INFO: [Synth 8-638] synthesizing module 'axi_datamover_s2mm_full_wrap' [c:/Users/Tmicro 2/Desktop/JcTFG/ZynqEthernetCamera_2016/ZynqEthernetCamera_2016.srcs/sources_1/bd/Ethernet/ipshared/1cd0/hdl/axi_datamover_v5_1_vh_rfs.vhd:43113]
INFO: [Synth 8-638] synthesizing module 'axi_datamover_wr_status_cntl' [c:/Users/Tmicro 2/Desktop/JcTFG/ZynqEthernetCamera_2016/ZynqEthernetCamera_2016.srcs/sources_1/bd/Ethernet/ipshared/1cd0/hdl/axi_datamover_v5_1_vh_rfs.vhd:17697]
INFO: [Synth 8-638] synthesizing module 'axi_datamover_fifo__parameterized4' [c:/Users/Tmicro 2/Desktop/JcTFG/ZynqEthernetCamera_2016/ZynqEthernetCamera_2016.srcs/sources_1/bd/Ethernet/ipshared/1cd0/hdl/axi_datamover_v5_1_vh_rfs.vhd:1881]
INFO: [Synth 8-638] synthesizing module 'srl_fifo_f__parameterized8' [c:/Users/Tmicro 2/Desktop/JcTFG/ZynqEthernetCamera_2016/ZynqEthernetCamera_2016.srcs/sources_1/bd/Ethernet/ipshared/6039/hdl/lib_srl_fifo_v1_0_rfs.vhd:1000]
INFO: [Synth 8-638] synthesizing module 'srl_fifo_rbu_f__parameterized8' [c:/Users/Tmicro 2/Desktop/JcTFG/ZynqEthernetCamera_2016/ZynqEthernetCamera_2016.srcs/sources_1/bd/Ethernet/ipshared/6039/hdl/lib_srl_fifo_v1_0_rfs.vhd:697]
INFO: [Synth 8-638] synthesizing module 'cntr_incr_decr_addn_f__parameterized5' [c:/Users/Tmicro 2/Desktop/JcTFG/ZynqEthernetCamera_2016/ZynqEthernetCamera_2016.srcs/sources_1/bd/Ethernet/ipshared/6039/hdl/lib_srl_fifo_v1_0_rfs.vhd:143]
INFO: [Synth 8-256] done synthesizing module 'cntr_incr_decr_addn_f__parameterized5' (96#1) [c:/Users/Tmicro 2/Desktop/JcTFG/ZynqEthernetCamera_2016/ZynqEthernetCamera_2016.srcs/sources_1/bd/Ethernet/ipshared/6039/hdl/lib_srl_fifo_v1_0_rfs.vhd:143]
INFO: [Synth 8-638] synthesizing module 'dynshreg_f__parameterized8' [c:/Users/Tmicro 2/Desktop/JcTFG/ZynqEthernetCamera_2016/ZynqEthernetCamera_2016.srcs/sources_1/bd/Ethernet/ipshared/6039/hdl/lib_srl_fifo_v1_0_rfs.vhd:397]
INFO: [Synth 8-256] done synthesizing module 'dynshreg_f__parameterized8' (96#1) [c:/Users/Tmicro 2/Desktop/JcTFG/ZynqEthernetCamera_2016/ZynqEthernetCamera_2016.srcs/sources_1/bd/Ethernet/ipshared/6039/hdl/lib_srl_fifo_v1_0_rfs.vhd:397]
INFO: [Synth 8-256] done synthesizing module 'srl_fifo_rbu_f__parameterized8' (96#1) [c:/Users/Tmicro 2/Desktop/JcTFG/ZynqEthernetCamera_2016/ZynqEthernetCamera_2016.srcs/sources_1/bd/Ethernet/ipshared/6039/hdl/lib_srl_fifo_v1_0_rfs.vhd:697]
INFO: [Synth 8-256] done synthesizing module 'srl_fifo_f__parameterized8' (96#1) [c:/Users/Tmicro 2/Desktop/JcTFG/ZynqEthernetCamera_2016/ZynqEthernetCamera_2016.srcs/sources_1/bd/Ethernet/ipshared/6039/hdl/lib_srl_fifo_v1_0_rfs.vhd:1000]
INFO: [Synth 8-256] done synthesizing module 'axi_datamover_fifo__parameterized4' (96#1) [c:/Users/Tmicro 2/Desktop/JcTFG/ZynqEthernetCamera_2016/ZynqEthernetCamera_2016.srcs/sources_1/bd/Ethernet/ipshared/1cd0/hdl/axi_datamover_v5_1_vh_rfs.vhd:1881]
INFO: [Synth 8-638] synthesizing module 'axi_datamover_fifo__parameterized5' [c:/Users/Tmicro 2/Desktop/JcTFG/ZynqEthernetCamera_2016/ZynqEthernetCamera_2016.srcs/sources_1/bd/Ethernet/ipshared/1cd0/hdl/axi_datamover_v5_1_vh_rfs.vhd:1881]
INFO: [Synth 8-638] synthesizing module 'srl_fifo_f__parameterized9' [c:/Users/Tmicro 2/Desktop/JcTFG/ZynqEthernetCamera_2016/ZynqEthernetCamera_2016.srcs/sources_1/bd/Ethernet/ipshared/6039/hdl/lib_srl_fifo_v1_0_rfs.vhd:1000]
INFO: [Synth 8-638] synthesizing module 'srl_fifo_rbu_f__parameterized9' [c:/Users/Tmicro 2/Desktop/JcTFG/ZynqEthernetCamera_2016/ZynqEthernetCamera_2016.srcs/sources_1/bd/Ethernet/ipshared/6039/hdl/lib_srl_fifo_v1_0_rfs.vhd:697]
INFO: [Synth 8-638] synthesizing module 'cntr_incr_decr_addn_f__parameterized6' [c:/Users/Tmicro 2/Desktop/JcTFG/ZynqEthernetCamera_2016/ZynqEthernetCamera_2016.srcs/sources_1/bd/Ethernet/ipshared/6039/hdl/lib_srl_fifo_v1_0_rfs.vhd:143]
INFO: [Synth 8-256] done synthesizing module 'cntr_incr_decr_addn_f__parameterized6' (96#1) [c:/Users/Tmicro 2/Desktop/JcTFG/ZynqEthernetCamera_2016/ZynqEthernetCamera_2016.srcs/sources_1/bd/Ethernet/ipshared/6039/hdl/lib_srl_fifo_v1_0_rfs.vhd:143]
INFO: [Synth 8-638] synthesizing module 'dynshreg_f__parameterized9' [c:/Users/Tmicro 2/Desktop/JcTFG/ZynqEthernetCamera_2016/ZynqEthernetCamera_2016.srcs/sources_1/bd/Ethernet/ipshared/6039/hdl/lib_srl_fifo_v1_0_rfs.vhd:397]
INFO: [Synth 8-256] done synthesizing module 'dynshreg_f__parameterized9' (96#1) [c:/Users/Tmicro 2/Desktop/JcTFG/ZynqEthernetCamera_2016/ZynqEthernetCamera_2016.srcs/sources_1/bd/Ethernet/ipshared/6039/hdl/lib_srl_fifo_v1_0_rfs.vhd:397]
INFO: [Synth 8-256] done synthesizing module 'srl_fifo_rbu_f__parameterized9' (96#1) [c:/Users/Tmicro 2/Desktop/JcTFG/ZynqEthernetCamera_2016/ZynqEthernetCamera_2016.srcs/sources_1/bd/Ethernet/ipshared/6039/hdl/lib_srl_fifo_v1_0_rfs.vhd:697]
INFO: [Synth 8-256] done synthesizing module 'srl_fifo_f__parameterized9' (96#1) [c:/Users/Tmicro 2/Desktop/JcTFG/ZynqEthernetCamera_2016/ZynqEthernetCamera_2016.srcs/sources_1/bd/Ethernet/ipshared/6039/hdl/lib_srl_fifo_v1_0_rfs.vhd:1000]
INFO: [Synth 8-256] done synthesizing module 'axi_datamover_fifo__parameterized5' (96#1) [c:/Users/Tmicro 2/Desktop/JcTFG/ZynqEthernetCamera_2016/ZynqEthernetCamera_2016.srcs/sources_1/bd/Ethernet/ipshared/1cd0/hdl/axi_datamover_v5_1_vh_rfs.vhd:1881]
INFO: [Synth 8-256] done synthesizing module 'axi_datamover_wr_status_cntl' (97#1) [c:/Users/Tmicro 2/Desktop/JcTFG/ZynqEthernetCamera_2016/ZynqEthernetCamera_2016.srcs/sources_1/bd/Ethernet/ipshared/1cd0/hdl/axi_datamover_v5_1_vh_rfs.vhd:17697]
INFO: [Synth 8-638] synthesizing module 'axi_datamover_pcc__parameterized0' [c:/Users/Tmicro 2/Desktop/JcTFG/ZynqEthernetCamera_2016/ZynqEthernetCamera_2016.srcs/sources_1/bd/Ethernet/ipshared/1cd0/hdl/axi_datamover_v5_1_vh_rfs.vhd:7411]
INFO: [Synth 8-638] synthesizing module 'axi_datamover_strb_gen2__parameterized1' [c:/Users/Tmicro 2/Desktop/JcTFG/ZynqEthernetCamera_2016/ZynqEthernetCamera_2016.srcs/sources_1/bd/Ethernet/ipshared/1cd0/hdl/axi_datamover_v5_1_vh_rfs.vhd:4337]
INFO: [Synth 8-256] done synthesizing module 'axi_datamover_strb_gen2__parameterized1' (97#1) [c:/Users/Tmicro 2/Desktop/JcTFG/ZynqEthernetCamera_2016/ZynqEthernetCamera_2016.srcs/sources_1/bd/Ethernet/ipshared/1cd0/hdl/axi_datamover_v5_1_vh_rfs.vhd:4337]
INFO: [Synth 8-256] done synthesizing module 'axi_datamover_pcc__parameterized0' (97#1) [c:/Users/Tmicro 2/Desktop/JcTFG/ZynqEthernetCamera_2016/ZynqEthernetCamera_2016.srcs/sources_1/bd/Ethernet/ipshared/1cd0/hdl/axi_datamover_v5_1_vh_rfs.vhd:7411]
INFO: [Synth 8-638] synthesizing module 'axi_datamover_s2mm_realign' [c:/Users/Tmicro 2/Desktop/JcTFG/ZynqEthernetCamera_2016/ZynqEthernetCamera_2016.srcs/sources_1/bd/Ethernet/ipshared/1cd0/hdl/axi_datamover_v5_1_vh_rfs.vhd:40129]
INFO: [Synth 8-638] synthesizing module 'axi_datamover_fifo__parameterized6' [c:/Users/Tmicro 2/Desktop/JcTFG/ZynqEthernetCamera_2016/ZynqEthernetCamera_2016.srcs/sources_1/bd/Ethernet/ipshared/1cd0/hdl/axi_datamover_v5_1_vh_rfs.vhd:1881]
INFO: [Synth 8-638] synthesizing module 'srl_fifo_f__parameterized10' [c:/Users/Tmicro 2/Desktop/JcTFG/ZynqEthernetCamera_2016/ZynqEthernetCamera_2016.srcs/sources_1/bd/Ethernet/ipshared/6039/hdl/lib_srl_fifo_v1_0_rfs.vhd:1000]
INFO: [Synth 8-638] synthesizing module 'srl_fifo_rbu_f__parameterized10' [c:/Users/Tmicro 2/Desktop/JcTFG/ZynqEthernetCamera_2016/ZynqEthernetCamera_2016.srcs/sources_1/bd/Ethernet/ipshared/6039/hdl/lib_srl_fifo_v1_0_rfs.vhd:697]
INFO: [Synth 8-638] synthesizing module 'cntr_incr_decr_addn_f__parameterized7' [c:/Users/Tmicro 2/Desktop/JcTFG/ZynqEthernetCamera_2016/ZynqEthernetCamera_2016.srcs/sources_1/bd/Ethernet/ipshared/6039/hdl/lib_srl_fifo_v1_0_rfs.vhd:143]
INFO: [Synth 8-256] done synthesizing module 'cntr_incr_decr_addn_f__parameterized7' (97#1) [c:/Users/Tmicro 2/Desktop/JcTFG/ZynqEthernetCamera_2016/ZynqEthernetCamera_2016.srcs/sources_1/bd/Ethernet/ipshared/6039/hdl/lib_srl_fifo_v1_0_rfs.vhd:143]
INFO: [Synth 8-638] synthesizing module 'dynshreg_f__parameterized10' [c:/Users/Tmicro 2/Desktop/JcTFG/ZynqEthernetCamera_2016/ZynqEthernetCamera_2016.srcs/sources_1/bd/Ethernet/ipshared/6039/hdl/lib_srl_fifo_v1_0_rfs.vhd:397]
INFO: [Synth 8-256] done synthesizing module 'dynshreg_f__parameterized10' (97#1) [c:/Users/Tmicro 2/Desktop/JcTFG/ZynqEthernetCamera_2016/ZynqEthernetCamera_2016.srcs/sources_1/bd/Ethernet/ipshared/6039/hdl/lib_srl_fifo_v1_0_rfs.vhd:397]
INFO: [Synth 8-256] done synthesizing module 'srl_fifo_rbu_f__parameterized10' (97#1) [c:/Users/Tmicro 2/Desktop/JcTFG/ZynqEthernetCamera_2016/ZynqEthernetCamera_2016.srcs/sources_1/bd/Ethernet/ipshared/6039/hdl/lib_srl_fifo_v1_0_rfs.vhd:697]
INFO: [Synth 8-256] done synthesizing module 'srl_fifo_f__parameterized10' (97#1) [c:/Users/Tmicro 2/Desktop/JcTFG/ZynqEthernetCamera_2016/ZynqEthernetCamera_2016.srcs/sources_1/bd/Ethernet/ipshared/6039/hdl/lib_srl_fifo_v1_0_rfs.vhd:1000]
INFO: [Synth 8-256] done synthesizing module 'axi_datamover_fifo__parameterized6' (97#1) [c:/Users/Tmicro 2/Desktop/JcTFG/ZynqEthernetCamera_2016/ZynqEthernetCamera_2016.srcs/sources_1/bd/Ethernet/ipshared/1cd0/hdl/axi_datamover_v5_1_vh_rfs.vhd:1881]
INFO: [Synth 8-638] synthesizing module 'axi_datamover_s2mm_dre' [c:/Users/Tmicro 2/Desktop/JcTFG/ZynqEthernetCamera_2016/ZynqEthernetCamera_2016.srcs/sources_1/bd/Ethernet/ipshared/1cd0/hdl/axi_datamover_v5_1_vh_rfs.vhd:33121]
INFO: [Synth 8-256] done synthesizing module 'axi_datamover_s2mm_dre' (98#1) [c:/Users/Tmicro 2/Desktop/JcTFG/ZynqEthernetCamera_2016/ZynqEthernetCamera_2016.srcs/sources_1/bd/Ethernet/ipshared/1cd0/hdl/axi_datamover_v5_1_vh_rfs.vhd:33121]
INFO: [Synth 8-638] synthesizing module 'axi_datamover_s2mm_scatter' [c:/Users/Tmicro 2/Desktop/JcTFG/ZynqEthernetCamera_2016/ZynqEthernetCamera_2016.srcs/sources_1/bd/Ethernet/ipshared/1cd0/hdl/axi_datamover_v5_1_vh_rfs.vhd:38236]
INFO: [Synth 8-638] synthesizing module 'axi_datamover_mssai_skid_buf' [c:/Users/Tmicro 2/Desktop/JcTFG/ZynqEthernetCamera_2016/ZynqEthernetCamera_2016.srcs/sources_1/bd/Ethernet/ipshared/1cd0/hdl/axi_datamover_v5_1_vh_rfs.vhd:37286]
INFO: [Synth 8-638] synthesizing module 'axi_datamover_ms_strb_set' [c:/Users/Tmicro 2/Desktop/JcTFG/ZynqEthernetCamera_2016/ZynqEthernetCamera_2016.srcs/sources_1/bd/Ethernet/ipshared/1cd0/hdl/axi_datamover_v5_1_vh_rfs.vhd:35726]
INFO: [Synth 8-256] done synthesizing module 'axi_datamover_ms_strb_set' (99#1) [c:/Users/Tmicro 2/Desktop/JcTFG/ZynqEthernetCamera_2016/ZynqEthernetCamera_2016.srcs/sources_1/bd/Ethernet/ipshared/1cd0/hdl/axi_datamover_v5_1_vh_rfs.vhd:35726]
INFO: [Synth 8-256] done synthesizing module 'axi_datamover_mssai_skid_buf' (100#1) [c:/Users/Tmicro 2/Desktop/JcTFG/ZynqEthernetCamera_2016/ZynqEthernetCamera_2016.srcs/sources_1/bd/Ethernet/ipshared/1cd0/hdl/axi_datamover_v5_1_vh_rfs.vhd:37286]
INFO: [Synth 8-638] synthesizing module 'axi_datamover_slice' [c:/Users/Tmicro 2/Desktop/JcTFG/ZynqEthernetCamera_2016/ZynqEthernetCamera_2016.srcs/sources_1/bd/Ethernet/ipshared/1cd0/hdl/axi_datamover_v5_1_vh_rfs.vhd:37975]
INFO: [Synth 8-256] done synthesizing module 'axi_datamover_slice' (101#1) [c:/Users/Tmicro 2/Desktop/JcTFG/ZynqEthernetCamera_2016/ZynqEthernetCamera_2016.srcs/sources_1/bd/Ethernet/ipshared/1cd0/hdl/axi_datamover_v5_1_vh_rfs.vhd:37975]
INFO: [Synth 8-638] synthesizing module 'axi_datamover_fifo__parameterized7' [c:/Users/Tmicro 2/Desktop/JcTFG/ZynqEthernetCamera_2016/ZynqEthernetCamera_2016.srcs/sources_1/bd/Ethernet/ipshared/1cd0/hdl/axi_datamover_v5_1_vh_rfs.vhd:1881]
INFO: [Synth 8-638] synthesizing module 'srl_fifo_f__parameterized11' [c:/Users/Tmicro 2/Desktop/JcTFG/ZynqEthernetCamera_2016/ZynqEthernetCamera_2016.srcs/sources_1/bd/Ethernet/ipshared/6039/hdl/lib_srl_fifo_v1_0_rfs.vhd:1000]
INFO: [Synth 8-638] synthesizing module 'srl_fifo_rbu_f__parameterized11' [c:/Users/Tmicro 2/Desktop/JcTFG/ZynqEthernetCamera_2016/ZynqEthernetCamera_2016.srcs/sources_1/bd/Ethernet/ipshared/6039/hdl/lib_srl_fifo_v1_0_rfs.vhd:697]
INFO: [Synth 8-638] synthesizing module 'dynshreg_f__parameterized11' [c:/Users/Tmicro 2/Desktop/JcTFG/ZynqEthernetCamera_2016/ZynqEthernetCamera_2016.srcs/sources_1/bd/Ethernet/ipshared/6039/hdl/lib_srl_fifo_v1_0_rfs.vhd:397]
INFO: [Synth 8-256] done synthesizing module 'dynshreg_f__parameterized11' (101#1) [c:/Users/Tmicro 2/Desktop/JcTFG/ZynqEthernetCamera_2016/ZynqEthernetCamera_2016.srcs/sources_1/bd/Ethernet/ipshared/6039/hdl/lib_srl_fifo_v1_0_rfs.vhd:397]
INFO: [Synth 8-256] done synthesizing module 'srl_fifo_rbu_f__parameterized11' (101#1) [c:/Users/Tmicro 2/Desktop/JcTFG/ZynqEthernetCamera_2016/ZynqEthernetCamera_2016.srcs/sources_1/bd/Ethernet/ipshared/6039/hdl/lib_srl_fifo_v1_0_rfs.vhd:697]
INFO: [Synth 8-256] done synthesizing module 'srl_fifo_f__parameterized11' (101#1) [c:/Users/Tmicro 2/Desktop/JcTFG/ZynqEthernetCamera_2016/ZynqEthernetCamera_2016.srcs/sources_1/bd/Ethernet/ipshared/6039/hdl/lib_srl_fifo_v1_0_rfs.vhd:1000]
INFO: [Synth 8-256] done synthesizing module 'axi_datamover_fifo__parameterized7' (101#1) [c:/Users/Tmicro 2/Desktop/JcTFG/ZynqEthernetCamera_2016/ZynqEthernetCamera_2016.srcs/sources_1/bd/Ethernet/ipshared/1cd0/hdl/axi_datamover_v5_1_vh_rfs.vhd:1881]
INFO: [Synth 8-256] done synthesizing module 'axi_datamover_s2mm_scatter' (102#1) [c:/Users/Tmicro 2/Desktop/JcTFG/ZynqEthernetCamera_2016/ZynqEthernetCamera_2016.srcs/sources_1/bd/Ethernet/ipshared/1cd0/hdl/axi_datamover_v5_1_vh_rfs.vhd:38236]
INFO: [Synth 8-256] done synthesizing module 'axi_datamover_s2mm_realign' (103#1) [c:/Users/Tmicro 2/Desktop/JcTFG/ZynqEthernetCamera_2016/ZynqEthernetCamera_2016.srcs/sources_1/bd/Ethernet/ipshared/1cd0/hdl/axi_datamover_v5_1_vh_rfs.vhd:40129]
INFO: [Synth 8-638] synthesizing module 'axi_datamover_wr_sf' [c:/Users/Tmicro 2/Desktop/JcTFG/ZynqEthernetCamera_2016/ZynqEthernetCamera_2016.srcs/sources_1/bd/Ethernet/ipshared/1cd0/hdl/axi_datamover_v5_1_vh_rfs.vhd:22105]
INFO: [Synth 8-638] synthesizing module 'axi_datamover_sfifo_autord__parameterized0' [c:/Users/Tmicro 2/Desktop/JcTFG/ZynqEthernetCamera_2016/ZynqEthernetCamera_2016.srcs/sources_1/bd/Ethernet/ipshared/1cd0/hdl/axi_datamover_v5_1_vh_rfs.vhd:1294]
INFO: [Synth 8-638] synthesizing module 'sync_fifo_fg__parameterized1' [c:/Users/Tmicro 2/Desktop/JcTFG/ZynqEthernetCamera_2016/ZynqEthernetCamera_2016.srcs/sources_1/bd/Ethernet/ipshared/61a7/hdl/lib_fifo_v1_0_rfs.vhd:2097]
INFO: [Synth 8-256] done synthesizing module 'sync_fifo_fg__parameterized1' (103#1) [c:/Users/Tmicro 2/Desktop/JcTFG/ZynqEthernetCamera_2016/ZynqEthernetCamera_2016.srcs/sources_1/bd/Ethernet/ipshared/61a7/hdl/lib_fifo_v1_0_rfs.vhd:2097]
INFO: [Synth 8-256] done synthesizing module 'axi_datamover_sfifo_autord__parameterized0' (103#1) [c:/Users/Tmicro 2/Desktop/JcTFG/ZynqEthernetCamera_2016/ZynqEthernetCamera_2016.srcs/sources_1/bd/Ethernet/ipshared/1cd0/hdl/axi_datamover_v5_1_vh_rfs.vhd:1294]
INFO: [Synth 8-638] synthesizing module 'srl_fifo_f__parameterized12' [c:/Users/Tmicro 2/Desktop/JcTFG/ZynqEthernetCamera_2016/ZynqEthernetCamera_2016.srcs/sources_1/bd/Ethernet/ipshared/6039/hdl/lib_srl_fifo_v1_0_rfs.vhd:1000]
INFO: [Synth 8-638] synthesizing module 'srl_fifo_rbu_f__parameterized12' [c:/Users/Tmicro 2/Desktop/JcTFG/ZynqEthernetCamera_2016/ZynqEthernetCamera_2016.srcs/sources_1/bd/Ethernet/ipshared/6039/hdl/lib_srl_fifo_v1_0_rfs.vhd:697]
INFO: [Synth 8-638] synthesizing module 'cntr_incr_decr_addn_f__parameterized8' [c:/Users/Tmicro 2/Desktop/JcTFG/ZynqEthernetCamera_2016/ZynqEthernetCamera_2016.srcs/sources_1/bd/Ethernet/ipshared/6039/hdl/lib_srl_fifo_v1_0_rfs.vhd:143]
INFO: [Synth 8-256] done synthesizing module 'cntr_incr_decr_addn_f__parameterized8' (103#1) [c:/Users/Tmicro 2/Desktop/JcTFG/ZynqEthernetCamera_2016/ZynqEthernetCamera_2016.srcs/sources_1/bd/Ethernet/ipshared/6039/hdl/lib_srl_fifo_v1_0_rfs.vhd:143]
INFO: [Synth 8-638] synthesizing module 'dynshreg_f__parameterized12' [c:/Users/Tmicro 2/Desktop/JcTFG/ZynqEthernetCamera_2016/ZynqEthernetCamera_2016.srcs/sources_1/bd/Ethernet/ipshared/6039/hdl/lib_srl_fifo_v1_0_rfs.vhd:397]
INFO: [Synth 8-256] done synthesizing module 'dynshreg_f__parameterized12' (103#1) [c:/Users/Tmicro 2/Desktop/JcTFG/ZynqEthernetCamera_2016/ZynqEthernetCamera_2016.srcs/sources_1/bd/Ethernet/ipshared/6039/hdl/lib_srl_fifo_v1_0_rfs.vhd:397]
INFO: [Synth 8-256] done synthesizing module 'srl_fifo_rbu_f__parameterized12' (103#1) [c:/Users/Tmicro 2/Desktop/JcTFG/ZynqEthernetCamera_2016/ZynqEthernetCamera_2016.srcs/sources_1/bd/Ethernet/ipshared/6039/hdl/lib_srl_fifo_v1_0_rfs.vhd:697]
INFO: [Synth 8-256] done synthesizing module 'srl_fifo_f__parameterized12' (103#1) [c:/Users/Tmicro 2/Desktop/JcTFG/ZynqEthernetCamera_2016/ZynqEthernetCamera_2016.srcs/sources_1/bd/Ethernet/ipshared/6039/hdl/lib_srl_fifo_v1_0_rfs.vhd:1000]
INFO: [Synth 8-256] done synthesizing module 'axi_datamover_wr_sf' (104#1) [c:/Users/Tmicro 2/Desktop/JcTFG/ZynqEthernetCamera_2016/ZynqEthernetCamera_2016.srcs/sources_1/bd/Ethernet/ipshared/1cd0/hdl/axi_datamover_v5_1_vh_rfs.vhd:22105]
INFO: [Synth 8-638] synthesizing module 'axi_datamover_addr_cntl__parameterized0' [c:/Users/Tmicro 2/Desktop/JcTFG/ZynqEthernetCamera_2016/ZynqEthernetCamera_2016.srcs/sources_1/bd/Ethernet/ipshared/1cd0/hdl/axi_datamover_v5_1_vh_rfs.vhd:9995]
INFO: [Synth 8-638] synthesizing module 'axi_datamover_fifo__parameterized8' [c:/Users/Tmicro 2/Desktop/JcTFG/ZynqEthernetCamera_2016/ZynqEthernetCamera_2016.srcs/sources_1/bd/Ethernet/ipshared/1cd0/hdl/axi_datamover_v5_1_vh_rfs.vhd:1881]
INFO: [Synth 8-638] synthesizing module 'srl_fifo_f__parameterized13' [c:/Users/Tmicro 2/Desktop/JcTFG/ZynqEthernetCamera_2016/ZynqEthernetCamera_2016.srcs/sources_1/bd/Ethernet/ipshared/6039/hdl/lib_srl_fifo_v1_0_rfs.vhd:1000]
INFO: [Synth 8-638] synthesizing module 'srl_fifo_rbu_f__parameterized13' [c:/Users/Tmicro 2/Desktop/JcTFG/ZynqEthernetCamera_2016/ZynqEthernetCamera_2016.srcs/sources_1/bd/Ethernet/ipshared/6039/hdl/lib_srl_fifo_v1_0_rfs.vhd:697]
INFO: [Synth 8-638] synthesizing module 'cntr_incr_decr_addn_f__parameterized9' [c:/Users/Tmicro 2/Desktop/JcTFG/ZynqEthernetCamera_2016/ZynqEthernetCamera_2016.srcs/sources_1/bd/Ethernet/ipshared/6039/hdl/lib_srl_fifo_v1_0_rfs.vhd:143]
INFO: [Synth 8-256] done synthesizing module 'cntr_incr_decr_addn_f__parameterized9' (104#1) [c:/Users/Tmicro 2/Desktop/JcTFG/ZynqEthernetCamera_2016/ZynqEthernetCamera_2016.srcs/sources_1/bd/Ethernet/ipshared/6039/hdl/lib_srl_fifo_v1_0_rfs.vhd:143]
INFO: [Synth 8-638] synthesizing module 'dynshreg_f__parameterized13' [c:/Users/Tmicro 2/Desktop/JcTFG/ZynqEthernetCamera_2016/ZynqEthernetCamera_2016.srcs/sources_1/bd/Ethernet/ipshared/6039/hdl/lib_srl_fifo_v1_0_rfs.vhd:397]
INFO: [Synth 8-256] done synthesizing module 'dynshreg_f__parameterized13' (104#1) [c:/Users/Tmicro 2/Desktop/JcTFG/ZynqEthernetCamera_2016/ZynqEthernetCamera_2016.srcs/sources_1/bd/Ethernet/ipshared/6039/hdl/lib_srl_fifo_v1_0_rfs.vhd:397]
INFO: [Synth 8-256] done synthesizing module 'srl_fifo_rbu_f__parameterized13' (104#1) [c:/Users/Tmicro 2/Desktop/JcTFG/ZynqEthernetCamera_2016/ZynqEthernetCamera_2016.srcs/sources_1/bd/Ethernet/ipshared/6039/hdl/lib_srl_fifo_v1_0_rfs.vhd:697]
INFO: [Synth 8-256] done synthesizing module 'srl_fifo_f__parameterized13' (104#1) [c:/Users/Tmicro 2/Desktop/JcTFG/ZynqEthernetCamera_2016/ZynqEthernetCamera_2016.srcs/sources_1/bd/Ethernet/ipshared/6039/hdl/lib_srl_fifo_v1_0_rfs.vhd:1000]
INFO: [Synth 8-256] done synthesizing module 'axi_datamover_fifo__parameterized8' (104#1) [c:/Users/Tmicro 2/Desktop/JcTFG/ZynqEthernetCamera_2016/ZynqEthernetCamera_2016.srcs/sources_1/bd/Ethernet/ipshared/1cd0/hdl/axi_datamover_v5_1_vh_rfs.vhd:1881]
INFO: [Synth 8-256] done synthesizing module 'axi_datamover_addr_cntl__parameterized0' (104#1) [c:/Users/Tmicro 2/Desktop/JcTFG/ZynqEthernetCamera_2016/ZynqEthernetCamera_2016.srcs/sources_1/bd/Ethernet/ipshared/1cd0/hdl/axi_datamover_v5_1_vh_rfs.vhd:9995]
INFO: [Synth 8-638] synthesizing module 'axi_datamover_wrdata_cntl' [c:/Users/Tmicro 2/Desktop/JcTFG/ZynqEthernetCamera_2016/ZynqEthernetCamera_2016.srcs/sources_1/bd/Ethernet/ipshared/1cd0/hdl/axi_datamover_v5_1_vh_rfs.vhd:15669]
INFO: [Synth 8-638] synthesizing module 'axi_datamover_fifo__parameterized9' [c:/Users/Tmicro 2/Desktop/JcTFG/ZynqEthernetCamera_2016/ZynqEthernetCamera_2016.srcs/sources_1/bd/Ethernet/ipshared/1cd0/hdl/axi_datamover_v5_1_vh_rfs.vhd:1881]
INFO: [Synth 8-638] synthesizing module 'srl_fifo_f__parameterized14' [c:/Users/Tmicro 2/Desktop/JcTFG/ZynqEthernetCamera_2016/ZynqEthernetCamera_2016.srcs/sources_1/bd/Ethernet/ipshared/6039/hdl/lib_srl_fifo_v1_0_rfs.vhd:1000]
INFO: [Synth 8-638] synthesizing module 'srl_fifo_rbu_f__parameterized14' [c:/Users/Tmicro 2/Desktop/JcTFG/ZynqEthernetCamera_2016/ZynqEthernetCamera_2016.srcs/sources_1/bd/Ethernet/ipshared/6039/hdl/lib_srl_fifo_v1_0_rfs.vhd:697]
INFO: [Synth 8-638] synthesizing module 'cntr_incr_decr_addn_f__parameterized10' [c:/Users/Tmicro 2/Desktop/JcTFG/ZynqEthernetCamera_2016/ZynqEthernetCamera_2016.srcs/sources_1/bd/Ethernet/ipshared/6039/hdl/lib_srl_fifo_v1_0_rfs.vhd:143]
INFO: [Synth 8-256] done synthesizing module 'cntr_incr_decr_addn_f__parameterized10' (104#1) [c:/Users/Tmicro 2/Desktop/JcTFG/ZynqEthernetCamera_2016/ZynqEthernetCamera_2016.srcs/sources_1/bd/Ethernet/ipshared/6039/hdl/lib_srl_fifo_v1_0_rfs.vhd:143]
INFO: [Synth 8-638] synthesizing module 'dynshreg_f__parameterized14' [c:/Users/Tmicro 2/Desktop/JcTFG/ZynqEthernetCamera_2016/ZynqEthernetCamera_2016.srcs/sources_1/bd/Ethernet/ipshared/6039/hdl/lib_srl_fifo_v1_0_rfs.vhd:397]
INFO: [Synth 8-256] done synthesizing module 'dynshreg_f__parameterized14' (104#1) [c:/Users/Tmicro 2/Desktop/JcTFG/ZynqEthernetCamera_2016/ZynqEthernetCamera_2016.srcs/sources_1/bd/Ethernet/ipshared/6039/hdl/lib_srl_fifo_v1_0_rfs.vhd:397]
INFO: [Synth 8-256] done synthesizing module 'srl_fifo_rbu_f__parameterized14' (104#1) [c:/Users/Tmicro 2/Desktop/JcTFG/ZynqEthernetCamera_2016/ZynqEthernetCamera_2016.srcs/sources_1/bd/Ethernet/ipshared/6039/hdl/lib_srl_fifo_v1_0_rfs.vhd:697]
INFO: [Synth 8-256] done synthesizing module 'srl_fifo_f__parameterized14' (104#1) [c:/Users/Tmicro 2/Desktop/JcTFG/ZynqEthernetCamera_2016/ZynqEthernetCamera_2016.srcs/sources_1/bd/Ethernet/ipshared/6039/hdl/lib_srl_fifo_v1_0_rfs.vhd:1000]
INFO: [Synth 8-256] done synthesizing module 'axi_datamover_fifo__parameterized9' (104#1) [c:/Users/Tmicro 2/Desktop/JcTFG/ZynqEthernetCamera_2016/ZynqEthernetCamera_2016.srcs/sources_1/bd/Ethernet/ipshared/1cd0/hdl/axi_datamover_v5_1_vh_rfs.vhd:1881]
INFO: [Synth 8-256] done synthesizing module 'axi_datamover_wrdata_cntl' (105#1) [c:/Users/Tmicro 2/Desktop/JcTFG/ZynqEthernetCamera_2016/ZynqEthernetCamera_2016.srcs/sources_1/bd/Ethernet/ipshared/1cd0/hdl/axi_datamover_v5_1_vh_rfs.vhd:15669]
INFO: [Synth 8-638] synthesizing module 'axi_datamover_skid2mm_buf' [c:/Users/Tmicro 2/Desktop/JcTFG/ZynqEthernetCamera_2016/ZynqEthernetCamera_2016.srcs/sources_1/bd/Ethernet/ipshared/1cd0/hdl/axi_datamover_v5_1_vh_rfs.vhd:18990]
INFO: [Synth 8-638] synthesizing module 'axi_datamover_wr_demux' [c:/Users/Tmicro 2/Desktop/JcTFG/ZynqEthernetCamera_2016/ZynqEthernetCamera_2016.srcs/sources_1/bd/Ethernet/ipshared/1cd0/hdl/axi_datamover_v5_1_vh_rfs.vhd:14112]
INFO: [Synth 8-256] done synthesizing module 'axi_datamover_wr_demux' (106#1) [c:/Users/Tmicro 2/Desktop/JcTFG/ZynqEthernetCamera_2016/ZynqEthernetCamera_2016.srcs/sources_1/bd/Ethernet/ipshared/1cd0/hdl/axi_datamover_v5_1_vh_rfs.vhd:14112]
INFO: [Synth 8-256] done synthesizing module 'axi_datamover_skid2mm_buf' (107#1) [c:/Users/Tmicro 2/Desktop/JcTFG/ZynqEthernetCamera_2016/ZynqEthernetCamera_2016.srcs/sources_1/bd/Ethernet/ipshared/1cd0/hdl/axi_datamover_v5_1_vh_rfs.vhd:18990]
INFO: [Synth 8-256] done synthesizing module 'axi_datamover_s2mm_full_wrap' (108#1) [c:/Users/Tmicro 2/Desktop/JcTFG/ZynqEthernetCamera_2016/ZynqEthernetCamera_2016.srcs/sources_1/bd/Ethernet/ipshared/1cd0/hdl/axi_datamover_v5_1_vh_rfs.vhd:43113]
INFO: [Synth 8-256] done synthesizing module 'axi_datamover' (109#1) [c:/Users/Tmicro 2/Desktop/JcTFG/ZynqEthernetCamera_2016/ZynqEthernetCamera_2016.srcs/sources_1/bd/Ethernet/ipshared/1cd0/hdl/axi_datamover_v5_1_vh_rfs.vhd:48516]
INFO: [Synth 8-256] done synthesizing module 'axi_dma' (110#1) [c:/Users/Tmicro 2/Desktop/JcTFG/ZynqEthernetCamera_2016/ZynqEthernetCamera_2016.srcs/sources_1/bd/Ethernet/ipshared/a41f/hdl/axi_dma_v7_1_vh_rfs.vhd:21830]
INFO: [Synth 8-256] done synthesizing module 'Ethernet_axi_ethernet_0_dma_0' (111#1) [c:/Users/Tmicro 2/Desktop/JcTFG/ZynqEthernetCamera_2016/ZynqEthernetCamera_2016.srcs/sources_1/bd/Ethernet/ip/Ethernet_axi_ethernet_0_dma_0/synth/Ethernet_axi_ethernet_0_dma_0.vhd:170]
Finished RTL Elaboration : Time (s): cpu = 00:03:36 ; elapsed = 00:04:28 . Memory (MB): peak = 688.043 ; gain = 476.895
Finished RTL Optimization Phase 1 : Time (s): cpu = 00:03:37 ; elapsed = 00:04:30 . Memory (MB): peak = 688.043 ; gain = 476.895
INFO: [Device 21-403] Loading part xc7z010clg400-1
Constraint Validation Runtime : Time (s): cpu = 00:00:00 ; elapsed = 00:00:00.468 . Memory (MB): peak = 814.086 ; gain = 1.387
Finished Constraint Validation : Time (s): cpu = 00:03:51 ; elapsed = 00:04:57 . Memory (MB): peak = 814.086 ; gain = 602.938
Finished Loading Part and Timing Information : Time (s): cpu = 00:03:51 ; elapsed = 00:04:58 . Memory (MB): peak = 814.086 ; gain = 602.938
Finished applying 'set_property' XDC Constraints : Time (s): cpu = 00:03:51 ; elapsed = 00:04:58 . Memory (MB): peak = 814.086 ; gain = 602.938
Finished RTL Optimization Phase 2 : Time (s): cpu = 00:03:59 ; elapsed = 00:05:06 . Memory (MB): peak = 814.086 ; gain = 602.938
Finished Cross Boundary and Area Optimization : Time (s): cpu = 00:04:13 ; elapsed = 00:05:21 . Memory (MB): peak = 814.086 ; gain = 602.938
---------------------------------------------------------------------------------
Start ROM, RAM, DSP and Shift Register Reporting
---------------------------------------------------------------------------------

Distributed RAM: Preliminary Mapping  Report (see note below)
+------------+--------------------------------------------------------------------------------------------------------------------------------------------------------------------------------------------------------------------------------+----------------+----------------------+---------------+
|Module Name | RTL Object                                                                                                                                                                                                                     | Inference      | Size (Depth x Width) | Primitives    | 
+------------+--------------------------------------------------------------------------------------------------------------------------------------------------------------------------------------------------------------------------------+----------------+----------------------+---------------+
|axi_sg      | I_SG_FETCH_QUEUE/GEN_QUEUE.FTCH_QUEUE_I/GEN_MM2S.CONTROL_STREAM.I_MM2S_CNTRL_STREAM/GEN_SYNC_FIFO.I_CNTRL_FIFO/FAMILY_SUPPORTED.I_SYNC_FIFO_BRAM/inst_fifo_gen/gconvfifo.rf/grf.rf/gntv_or_sync_fifo.mem/gdm.dm_gen.dm/RAM_reg | User Attribute | 128 x 33             | RAM64M x 22   | 
+------------+--------------------------------------------------------------------------------------------------------------------------------------------------------------------------------------------------------------------------------+----------------+----------------------+---------------+

Note: The table above is a preliminary report that shows the Distributed RAMs at the current stage of the synthesis flow. Some Distributed RAMs may be reimplemented as non Distributed RAM primitives later in the synthesis flow. Multiple instantiated RAMs are reported only once.
---------------------------------------------------------------------------------
Finished ROM, RAM, DSP and Shift Register Reporting
---------------------------------------------------------------------------------
Finished Applying XDC Timing Constraints : Time (s): cpu = 00:04:25 ; elapsed = 00:06:07 . Memory (MB): peak = 814.086 ; gain = 602.938
Finished Timing Optimization : Time (s): cpu = 00:04:29 ; elapsed = 00:06:12 . Memory (MB): peak = 826.141 ; gain = 614.992
Finished Technology Mapping : Time (s): cpu = 00:04:32 ; elapsed = 00:06:16 . Memory (MB): peak = 861.090 ; gain = 649.941
Finished IO Insertion : Time (s): cpu = 00:04:33 ; elapsed = 00:06:17 . Memory (MB): peak = 861.090 ; gain = 649.941
Finished Renaming Generated Instances : Time (s): cpu = 00:04:33 ; elapsed = 00:06:18 . Memory (MB): peak = 861.090 ; gain = 649.941
Finished Rebuilding User Hierarchy : Time (s): cpu = 00:04:34 ; elapsed = 00:06:19 . Memory (MB): peak = 861.090 ; gain = 649.941
Finished Renaming Generated Ports : Time (s): cpu = 00:04:34 ; elapsed = 00:06:19 . Memory (MB): peak = 861.090 ; gain = 649.941
Finished Handling Custom Attributes : Time (s): cpu = 00:04:34 ; elapsed = 00:06:19 . Memory (MB): peak = 861.090 ; gain = 649.941
Finished Renaming Generated Nets : Time (s): cpu = 00:04:35 ; elapsed = 00:06:19 . Memory (MB): peak = 861.090 ; gain = 649.941

Report Cell Usage: 
+------+---------+------+
|      |Cell     |Count |
+------+---------+------+
|1     |CARRY4   |    51|
|2     |LUT1     |    84|
|3     |LUT2     |   284|
|4     |LUT3     |   611|
|5     |LUT4     |   439|
|6     |LUT5     |   415|
|7     |LUT6     |   655|
|8     |RAM64M   |    22|
|9     |RAMB18E1 |     1|
|10    |RAMB36E1 |     1|
|11    |SRL16E   |   301|
|12    |FDR      |     8|
|13    |FDRE     |  3324|
|14    |FDSE     |   113|
+------+---------+------+
Finished Writing Synthesis Report : Time (s): cpu = 00:04:35 ; elapsed = 00:06:19 . Memory (MB): peak = 861.090 ; gain = 649.941
synth_design: Time (s): cpu = 00:04:34 ; elapsed = 00:05:57 . Memory (MB): peak = 861.090 ; gain = 584.313
